e:\spice3f5\build\src\lib\cp\cp.dir\release\numparse.obj
e:\spice3f5\build\src\lib\cp\cp.dir\release\wlist.obj
e:\spice3f5\build\src\lib\cp\cp.dir\release\var2.obj
e:\spice3f5\build\src\lib\cp\cp.dir\release\variable.obj
e:\spice3f5\build\src\lib\cp\cp.dir\release\unixcom.obj
e:\spice3f5\build\src\lib\cp\cp.dir\release\std.obj
e:\spice3f5\build\src\lib\cp\cp.dir\release\spawn.obj
e:\spice3f5\build\src\lib\cp\cp.dir\release\quote.obj
e:\spice3f5\build\src\lib\cp\cp.dir\release\output.obj
e:\spice3f5\build\src\lib\cp\cp.dir\release\modify.obj
e:\spice3f5\build\src\lib\cp\cp.dir\release\lexical.obj
e:\spice3f5\build\src\lib\cp\cp.dir\release\input.obj
e:\spice3f5\build\src\lib\cp\cp.dir\release\history.obj
e:\spice3f5\build\src\lib\cp\cp.dir\release\glob.obj
e:\spice3f5\build\src\lib\cp\cp.dir\release\front.obj
e:\spice3f5\build\src\lib\cp\cp.dir\release\cshpar.obj
e:\spice3f5\build\src\lib\cp\cp.dir\release\complete.obj
e:\spice3f5\build\src\lib\cp\cp.dir\release\backq.obj
e:\spice3f5\build\src\lib\cp\cp.dir\release\alias.obj
e:\spice3f5\build\src\lib\cp\cmakefiles\generate.stamp
e:\spice3f5\build\src\lib\cp\release\cp.lib
e:\spice3f5\build\src\lib\cp\cp.dir\release\cp.tlog\cl.command.1.tlog
e:\spice3f5\build\src\lib\cp\cp.dir\release\cp.tlog\cl.read.1.tlog
e:\spice3f5\build\src\lib\cp\cp.dir\release\cp.tlog\cl.write.1.tlog
e:\spice3f5\build\src\lib\cp\cp.dir\release\cp.tlog\custombuild.command.1.tlog
e:\spice3f5\build\src\lib\cp\cp.dir\release\cp.tlog\custombuild.read.1.tlog
e:\spice3f5\build\src\lib\cp\cp.dir\release\cp.tlog\custombuild.write.1.tlog
e:\spice3f5\build\src\lib\cp\cp.dir\release\cp.tlog\lib-link.read.1.tlog
e:\spice3f5\build\src\lib\cp\cp.dir\release\cp.tlog\lib-link.write.1.tlog
e:\spice3f5\build\src\lib\cp\cp.dir\release\cp.tlog\lib.command.1.tlog
