  alloc.c
E:\spice3f5\src\lib\misc\alloc.c(34): warning C4013: bzero: нет определения; предполагается "extern" с возвратом типа "int"
  dos_dirs.c
E:\spice3f5\src\lib\misc\dos_dirs.c(34): warning C4013: open: нет определения; предполагается "extern" с возвратом типа "int"
E:\spice3f5\src\lib\misc\dos_dirs.c(48): warning C4013: read: нет определения; предполагается "extern" с возвратом типа "int"
E:\spice3f5\src\lib\misc\dos_dirs.c(55): warning C4267: =: преобразование из "size_t" в "short"; возможна потеря данных
E:\spice3f5\src\lib\misc\dos_dirs.c(51): warning C4996: 'strncpy': This function or variable may be unsafe. Consider using strncpy_s instead. To disable deprecation, use _CRT_SECURE_NO_WARNINGS. See online help for details.
  C:\Program Files (x86)\Windows Kits\10\Include\10.0.16299.0\ucrt\string.h(337): note:  см. объявление "strncpy"
E:\spice3f5\src\lib\misc\dos_dirs.c(53): warning C4996: 'strcat': This function or variable may be unsafe. Consider using strcat_s instead. To disable deprecation, use _CRT_SECURE_NO_WARNINGS. See online help for details.
  C:\Program Files (x86)\Windows Kits\10\Include\10.0.16299.0\ucrt\string.h(89): note:  см. объявление "strcat"
E:\spice3f5\src\lib\misc\dos_dirs.c(54): warning C4996: 'strcat': This function or variable may be unsafe. Consider using strcat_s instead. To disable deprecation, use _CRT_SECURE_NO_WARNINGS. See online help for details.
  C:\Program Files (x86)\Windows Kits\10\Include\10.0.16299.0\ucrt\string.h(89): note:  см. объявление "strcat"
E:\spice3f5\src\lib\misc\dos_dirs.c(66): warning C4013: close: нет определения; предполагается "extern" с возвратом типа "int"
  dup2.c
  ivars.c
E:\spice3f5\src\lib\misc\ivars.c(22): warning C4996: 'getenv': This function or variable may be unsafe. Consider using _dupenv_s instead. To disable deprecation, use _CRT_SECURE_NO_WARNINGS. See online help for details.
  C:\Program Files (x86)\Windows Kits\10\Include\10.0.16299.0\ucrt\stdlib.h(1199): note:  см. объявление "getenv"
E:\spice3f5\src\lib\misc\ivars.c(38): warning C4013: sprintf: нет определения; предполагается "extern" с возвратом типа "int"
E:\spice3f5\src\lib\misc\ivars.c(40): warning C4996: 'strcpy': This function or variable may be unsafe. Consider using strcpy_s instead. To disable deprecation, use _CRT_SECURE_NO_WARNINGS. See online help for details.
  C:\Program Files (x86)\Windows Kits\10\Include\10.0.16299.0\ucrt\string.h(132): note:  см. объявление "strcpy"
  math.c
  mktemp.c
E:\spice3f5\src\lib\misc\mktemp.c(34): warning C4996: 'sprintf': This function or variable may be unsafe. Consider using sprintf_s instead. To disable deprecation, use _CRT_SECURE_NO_WARNINGS. See online help for details.
  C:\Program Files (x86)\Windows Kits\10\Include\10.0.16299.0\ucrt\stdio.h(1772): note:  см. объявление "sprintf"
E:\spice3f5\src\lib\misc\mktemp.c(36): warning C4996: 'strcpy': This function or variable may be unsafe. Consider using strcpy_s instead. To disable deprecation, use _CRT_SECURE_NO_WARNINGS. See online help for details.
  C:\Program Files (x86)\Windows Kits\10\Include\10.0.16299.0\ucrt\string.h(132): note:  см. объявление "strcpy"
  printnum.c
E:\spice3f5\src\lib\misc\printnum.c(29): warning C4013: sprintf: нет определения; предполагается "extern" с возвратом типа "int"
  string.c
E:\spice3f5\src\lib\misc\string.c(35): warning C4996: 'strcpy': This function or variable may be unsafe. Consider using strcpy_s instead. To disable deprecation, use _CRT_SECURE_NO_WARNINGS. See online help for details.
  C:\Program Files (x86)\Windows Kits\10\Include\10.0.16299.0\ucrt\string.h(132): note:  см. объявление "strcpy"
  tilde.c
  time.c
E:\spice3f5\src\lib\misc\time.c(51): warning C4996: 'localtime': This function or variable may be unsafe. Consider using localtime_s instead. To disable deprecation, use _CRT_SECURE_NO_WARNINGS. See online help for details.
  C:\Program Files (x86)\Windows Kits\10\Include\10.0.16299.0\ucrt\time.h(505): note:  см. объявление "localtime"
E:\spice3f5\src\lib\misc\time.c(52): warning C4996: 'asctime': This function or variable may be unsafe. Consider using asctime_s instead. To disable deprecation, use _CRT_SECURE_NO_WARNINGS. See online help for details.
  C:\Program Files (x86)\Windows Kits\10\Include\10.0.16299.0\ucrt\time.h(116): note:  см. объявление "asctime"
E:\spice3f5\src\lib\misc\time.c(53): warning C4996: 'sprintf': This function or variable may be unsafe. Consider using sprintf_s instead. To disable deprecation, use _CRT_SECURE_NO_WARNINGS. See online help for details.
  C:\Program Files (x86)\Windows Kits\10\Include\10.0.16299.0\ucrt\stdio.h(1772): note:  см. объявление "sprintf"
E:\spice3f5\src\lib\misc\time.c(54): warning C4996: 'strcat': This function or variable may be unsafe. Consider using strcat_s instead. To disable deprecation, use _CRT_SECURE_NO_WARNINGS. See online help for details.
  C:\Program Files (x86)\Windows Kits\10\Include\10.0.16299.0\ucrt\string.h(89): note:  см. объявление "strcat"
E:\spice3f5\src\lib\misc\time.c(80): warning C4244: =: преобразование "time_t" в "int", возможна потеря данных
E:\spice3f5\src\lib\misc\time.c(85): warning C4033: "timediff" должен возвращать значение
  Создание кода...
  misc.vcxproj -> E:\spice3f5\build\src\lib\misc\Debug\misc.lib
