e:\spice3f5\build\src\lib\misc\misc.dir\debug\misc.pdb
e:\spice3f5\build\src\lib\misc\misc.dir\debug\time.obj
e:\spice3f5\build\src\lib\misc\misc.dir\debug\tilde.obj
e:\spice3f5\build\src\lib\misc\misc.dir\debug\string.obj
e:\spice3f5\build\src\lib\misc\misc.dir\debug\printnum.obj
e:\spice3f5\build\src\lib\misc\misc.dir\debug\mktemp.obj
e:\spice3f5\build\src\lib\misc\misc.dir\debug\math.obj
e:\spice3f5\build\src\lib\misc\misc.dir\debug\ivars.obj
e:\spice3f5\build\src\lib\misc\misc.dir\debug\dup2.obj
e:\spice3f5\build\src\lib\misc\misc.dir\debug\dos_dirs.obj
e:\spice3f5\build\src\lib\misc\misc.dir\debug\alloc.obj
e:\spice3f5\build\src\lib\misc\cmakefiles\generate.stamp
e:\spice3f5\build\src\lib\misc\debug\misc.lib
e:\spice3f5\build\src\lib\misc\debug\misc.pdb
e:\spice3f5\build\src\lib\misc\misc.dir\debug\misc.tlog\cl.command.1.tlog
e:\spice3f5\build\src\lib\misc\misc.dir\debug\misc.tlog\cl.read.1.tlog
e:\spice3f5\build\src\lib\misc\misc.dir\debug\misc.tlog\cl.write.1.tlog
e:\spice3f5\build\src\lib\misc\misc.dir\debug\misc.tlog\custombuild.command.1.tlog
e:\spice3f5\build\src\lib\misc\misc.dir\debug\misc.tlog\custombuild.read.1.tlog
e:\spice3f5\build\src\lib\misc\misc.dir\debug\misc.tlog\custombuild.write.1.tlog
e:\spice3f5\build\src\lib\misc\misc.dir\debug\misc.tlog\lib-link.read.1.tlog
e:\spice3f5\build\src\lib\misc\misc.dir\debug\misc.tlog\lib-link.write.1.tlog
e:\spice3f5\build\src\lib\misc\misc.dir\debug\misc.tlog\lib.command.1.tlog
