e:\spice3f5\build\src\lib\ckt\ckt.dir\release\cktdojob.obj
e:\spice3f5\build\src\lib\ckt\ckt.dir\release\cktdltn.obj
e:\spice3f5\build\src\lib\ckt\ckt.dir\release\cktdltm.obj
e:\spice3f5\build\src\lib\ckt\ckt.dir\release\cktdlti.obj
e:\spice3f5\build\src\lib\ckt\ckt.dir\release\cktdisto.obj
e:\spice3f5\build\src\lib\ckt\ckt.dir\release\cktdest.obj
e:\spice3f5\build\src\lib\ckt\ckt.dir\release\cktdelt.obj
e:\spice3f5\build\src\lib\ckt\ckt.dir\release\cktcrte.obj
e:\spice3f5\build\src\lib\ckt\ckt.dir\release\cktclrbk.obj
e:\spice3f5\build\src\lib\ckt\ckt.dir\release\cktbkdum.obj
e:\spice3f5\build\src\lib\ckt\ckt.dir\release\cktbindn.obj
e:\spice3f5\build\src\lib\ckt\ckt.dir\release\cktasknq.obj
e:\spice3f5\build\src\lib\ckt\ckt.dir\release\cktaskaq.obj
e:\spice3f5\build\src\lib\ckt\ckt.dir\release\cktask.obj
e:\spice3f5\build\src\lib\ckt\ckt.dir\release\cktacdum.obj
e:\spice3f5\build\src\lib\ckt\ckt.dir\release\cktacct.obj
e:\spice3f5\build\src\lib\ckt\ckt.dir\release\cktaccpt.obj
e:\spice3f5\build\src\lib\ckt\ckt.dir\release\acsetp.obj
e:\spice3f5\build\src\lib\ckt\ckt.dir\release\acaskq.obj
e:\spice3f5\build\src\lib\ckt\ckt.dir\release\acan.obj
e:\spice3f5\build\src\lib\ckt\ckt.dir\release\cktmpar.obj
e:\spice3f5\build\src\lib\ckt\ckt.dir\release\cktmkvol.obj
e:\spice3f5\build\src\lib\ckt\ckt.dir\release\cktmknod.obj
e:\spice3f5\build\src\lib\ckt\ckt.dir\release\cktmkcur.obj
e:\spice3f5\build\src\lib\ckt\ckt.dir\release\cktmcrt.obj
e:\spice3f5\build\src\lib\ckt\ckt.dir\release\cktmask.obj
e:\spice3f5\build\src\lib\ckt\ckt.dir\release\cktmapn.obj
e:\spice3f5\build\src\lib\ckt\ckt.dir\release\cktload.obj
e:\spice3f5\build\src\lib\ckt\ckt.dir\release\cktlnkeq.obj
e:\spice3f5\build\src\lib\ckt\ckt.dir\release\cktinit.obj
e:\spice3f5\build\src\lib\ckt\ckt.dir\release\cktic.obj
e:\spice3f5\build\src\lib\ckt\ckt.dir\release\ckti2nod.obj
e:\spice3f5\build\src\lib\ckt\ckt.dir\release\cktgrnd.obj
e:\spice3f5\build\src\lib\ckt\ckt.dir\release\cktftask.obj
e:\spice3f5\build\src\lib\ckt\ckt.dir\release\cktfnode.obj
e:\spice3f5\build\src\lib\ckt\ckt.dir\release\cktfndm.obj
e:\spice3f5\build\src\lib\ckt\ckt.dir\release\cktfnda.obj
e:\spice3f5\build\src\lib\ckt\ckt.dir\release\cktfdev.obj
e:\spice3f5\build\src\lib\ckt\ckt.dir\release\cktfbran.obj
e:\spice3f5\build\src\lib\ckt\ckt.dir\release\cktdump.obj
e:\spice3f5\build\src\lib\ckt\ckt.dir\release\cktsgen.obj
e:\spice3f5\build\src\lib\ckt\ckt.dir\release\cktsetup.obj
e:\spice3f5\build\src\lib\ckt\ckt.dir\release\cktsetnp.obj
e:\spice3f5\build\src\lib\ckt\ckt.dir\release\cktsetbk.obj
e:\spice3f5\build\src\lib\ckt\ckt.dir\release\cktsetap.obj
e:\spice3f5\build\src\lib\ckt\ckt.dir\release\cktpzstr.obj
e:\spice3f5\build\src\lib\ckt\ckt.dir\release\cktpzset.obj
e:\spice3f5\build\src\lib\ckt\ckt.dir\release\cktpzld.obj
e:\spice3f5\build\src\lib\ckt\ckt.dir\release\cktpname.obj
e:\spice3f5\build\src\lib\ckt\ckt.dir\release\cktpmnam.obj
e:\spice3f5\build\src\lib\ckt\ckt.dir\release\cktparam.obj
e:\spice3f5\build\src\lib\ckt\ckt.dir\release\cktop.obj
e:\spice3f5\build\src\lib\ckt\ckt.dir\release\cktnum2n.obj
e:\spice3f5\build\src\lib\ckt\ckt.dir\release\cktntask.obj
e:\spice3f5\build\src\lib\ckt\ckt.dir\release\cktnoise.obj
e:\spice3f5\build\src\lib\ckt\ckt.dir\release\cktnodn.obj
e:\spice3f5\build\src\lib\ckt\ckt.dir\release\cktnewn.obj
e:\spice3f5\build\src\lib\ckt\ckt.dir\release\cktneweq.obj
e:\spice3f5\build\src\lib\ckt\ckt.dir\release\cktnewan.obj
e:\spice3f5\build\src\lib\ckt\ckt.dir\release\cktnames.obj
e:\spice3f5\build\src\lib\ckt\ckt.dir\release\nevalsrc.obj
e:\spice3f5\build\src\lib\ckt\ckt.dir\release\naskq.obj
e:\spice3f5\build\src\lib\ckt\ckt.dir\release\dsetparm.obj
e:\spice3f5\build\src\lib\ckt\ckt.dir\release\dloadfns.obj
e:\spice3f5\build\src\lib\ckt\ckt.dir\release\dkerproc.obj
e:\spice3f5\build\src\lib\ckt\ckt.dir\release\distoan.obj
e:\spice3f5\build\src\lib\ckt\ckt.dir\release\dctsetp.obj
e:\spice3f5\build\src\lib\ckt\ckt.dir\release\dctrcurv.obj
e:\spice3f5\build\src\lib\ckt\ckt.dir\release\dctran.obj
e:\spice3f5\build\src\lib\ckt\ckt.dir\release\dctaskq.obj
e:\spice3f5\build\src\lib\ckt\ckt.dir\release\dcosetp.obj
e:\spice3f5\build\src\lib\ckt\ckt.dir\release\dcop.obj
e:\spice3f5\build\src\lib\ckt\ckt.dir\release\dcoaskq.obj
e:\spice3f5\build\src\lib\ckt\ckt.dir\release\daskq.obj
e:\spice3f5\build\src\lib\ckt\ckt.dir\release\ckttyplk.obj
e:\spice3f5\build\src\lib\ckt\ckt.dir\release\ckttrunc.obj
e:\spice3f5\build\src\lib\ckt\ckt.dir\release\ckttroub.obj
e:\spice3f5\build\src\lib\ckt\ckt.dir\release\cktterr.obj
e:\spice3f5\build\src\lib\ckt\ckt.dir\release\ckttemp.obj
e:\spice3f5\build\src\lib\ckt\ckt.dir\release\cktsopt.obj
e:\spice3f5\build\src\lib\ckt\ckt.dir\release\cktsens.obj
e:\spice3f5\build\src\lib\ckt\ckt.dir\release\transetp.obj
e:\spice3f5\build\src\lib\ckt\ckt.dir\release\traninit.obj
e:\spice3f5\build\src\lib\ckt\ckt.dir\release\tranaskq.obj
e:\spice3f5\build\src\lib\ckt\ckt.dir\release\tfsetp.obj
e:\spice3f5\build\src\lib\ckt\ckt.dir\release\tfaskq.obj
e:\spice3f5\build\src\lib\ckt\ckt.dir\release\tfanal.obj
e:\spice3f5\build\src\lib\ckt\ckt.dir\release\senssetp.obj
e:\spice3f5\build\src\lib\ckt\ckt.dir\release\sensaskq.obj
e:\spice3f5\build\src\lib\ckt\ckt.dir\release\pzsetp.obj
e:\spice3f5\build\src\lib\ckt\ckt.dir\release\pzaskq.obj
e:\spice3f5\build\src\lib\ckt\ckt.dir\release\pzan.obj
e:\spice3f5\build\src\lib\ckt\ckt.dir\release\nsetparm.obj
e:\spice3f5\build\src\lib\ckt\ckt.dir\release\noisean.obj
e:\spice3f5\build\src\lib\ckt\ckt.dir\release\ninteg.obj
e:\spice3f5\build\src\lib\ckt\cmakefiles\generate.stamp
e:\spice3f5\build\src\lib\ckt\release\ckt.lib
e:\spice3f5\build\src\lib\ckt\ckt.dir\release\ckt.tlog\cl.command.1.tlog
e:\spice3f5\build\src\lib\ckt\ckt.dir\release\ckt.tlog\cl.read.1.tlog
e:\spice3f5\build\src\lib\ckt\ckt.dir\release\ckt.tlog\cl.write.1.tlog
e:\spice3f5\build\src\lib\ckt\ckt.dir\release\ckt.tlog\custombuild.command.1.tlog
e:\spice3f5\build\src\lib\ckt\ckt.dir\release\ckt.tlog\custombuild.read.1.tlog
e:\spice3f5\build\src\lib\ckt\ckt.dir\release\ckt.tlog\custombuild.write.1.tlog
e:\spice3f5\build\src\lib\ckt\ckt.dir\release\ckt.tlog\lib-link.read.1.tlog
e:\spice3f5\build\src\lib\ckt\ckt.dir\release\ckt.tlog\lib-link.write.1.tlog
e:\spice3f5\build\src\lib\ckt\ckt.dir\release\ckt.tlog\lib.command.1.tlog
