e:\spice3f5\build\src\lib\ni\ni.dir\release\nisenre.obj
e:\spice3f5\build\src\lib\ni\ni.dir\release\nireinit.obj
e:\spice3f5\build\src\lib\ni\ni.dir\release\nipzmeth.obj
e:\spice3f5\build\src\lib\ni\ni.dir\release\nipred.obj
e:\spice3f5\build\src\lib\ni\ni.dir\release\niniter.obj
e:\spice3f5\build\src\lib\ni\ni.dir\release\niiter.obj
e:\spice3f5\build\src\lib\ni\ni.dir\release\niinteg.obj
e:\spice3f5\build\src\lib\ni\ni.dir\release\niinit.obj
e:\spice3f5\build\src\lib\ni\ni.dir\release\niditer.obj
e:\spice3f5\build\src\lib\ni\ni.dir\release\nidest.obj
e:\spice3f5\build\src\lib\ni\ni.dir\release\niconv.obj
e:\spice3f5\build\src\lib\ni\ni.dir\release\nicomcof.obj
e:\spice3f5\build\src\lib\ni\ni.dir\release\niaciter.obj
e:\spice3f5\build\src\lib\ni\cmakefiles\generate.stamp
e:\spice3f5\build\src\lib\ni\release\ni.lib
e:\spice3f5\build\src\lib\ni\ni.dir\release\ni.tlog\cl.command.1.tlog
e:\spice3f5\build\src\lib\ni\ni.dir\release\ni.tlog\cl.read.1.tlog
e:\spice3f5\build\src\lib\ni\ni.dir\release\ni.tlog\cl.write.1.tlog
e:\spice3f5\build\src\lib\ni\ni.dir\release\ni.tlog\custombuild.command.1.tlog
e:\spice3f5\build\src\lib\ni\ni.dir\release\ni.tlog\custombuild.read.1.tlog
e:\spice3f5\build\src\lib\ni\ni.dir\release\ni.tlog\custombuild.write.1.tlog
e:\spice3f5\build\src\lib\ni\ni.dir\release\ni.tlog\lib-link.read.1.tlog
e:\spice3f5\build\src\lib\ni\ni.dir\release\ni.tlog\lib-link.write.1.tlog
e:\spice3f5\build\src\lib\ni\ni.dir\release\ni.tlog\lib.command.1.tlog
