e:\spice3f5\build\src\lib\ni\ni.dir\debug\ni.pdb
e:\spice3f5\build\src\lib\ni\ni.dir\debug\nisenre.obj
e:\spice3f5\build\src\lib\ni\ni.dir\debug\nireinit.obj
e:\spice3f5\build\src\lib\ni\ni.dir\debug\nipzmeth.obj
e:\spice3f5\build\src\lib\ni\ni.dir\debug\nipred.obj
e:\spice3f5\build\src\lib\ni\ni.dir\debug\niniter.obj
e:\spice3f5\build\src\lib\ni\ni.dir\debug\niiter.obj
e:\spice3f5\build\src\lib\ni\ni.dir\debug\niinteg.obj
e:\spice3f5\build\src\lib\ni\ni.dir\debug\niinit.obj
e:\spice3f5\build\src\lib\ni\ni.dir\debug\niditer.obj
e:\spice3f5\build\src\lib\ni\ni.dir\debug\nidest.obj
e:\spice3f5\build\src\lib\ni\ni.dir\debug\niconv.obj
e:\spice3f5\build\src\lib\ni\ni.dir\debug\nicomcof.obj
e:\spice3f5\build\src\lib\ni\ni.dir\debug\niaciter.obj
e:\spice3f5\build\src\lib\ni\cmakefiles\generate.stamp
e:\spice3f5\build\src\lib\ni\debug\ni.lib
e:\spice3f5\build\src\lib\ni\debug\ni.pdb
e:\spice3f5\build\src\lib\ni\ni.dir\debug\ni.tlog\cl.command.1.tlog
e:\spice3f5\build\src\lib\ni\ni.dir\debug\ni.tlog\cl.read.1.tlog
e:\spice3f5\build\src\lib\ni\ni.dir\debug\ni.tlog\cl.write.1.tlog
e:\spice3f5\build\src\lib\ni\ni.dir\debug\ni.tlog\custombuild.command.1.tlog
e:\spice3f5\build\src\lib\ni\ni.dir\debug\ni.tlog\custombuild.read.1.tlog
e:\spice3f5\build\src\lib\ni\ni.dir\debug\ni.tlog\custombuild.write.1.tlog
e:\spice3f5\build\src\lib\ni\ni.dir\debug\ni.tlog\lib-link.read.1.tlog
e:\spice3f5\build\src\lib\ni\ni.dir\debug\ni.tlog\lib-link.write.1.tlog
e:\spice3f5\build\src\lib\ni\ni.dir\debug\ni.tlog\lib.command.1.tlog
