e:\spice3f5\build\src\lib\inp\inp.dir\release\inp2t.obj
e:\spice3f5\build\src\lib\inp\inp.dir\release\inp2s.obj
e:\spice3f5\build\src\lib\inp\inp.dir\release\inp2r.obj
e:\spice3f5\build\src\lib\inp\inp.dir\release\inp2q.obj
e:\spice3f5\build\src\lib\inp\inp.dir\release\inp2o.obj
e:\spice3f5\build\src\lib\inp\inp.dir\release\inp2m.obj
e:\spice3f5\build\src\lib\inp\inp.dir\release\inp2l.obj
e:\spice3f5\build\src\lib\inp\inp.dir\release\inp2k.obj
e:\spice3f5\build\src\lib\inp\inp.dir\release\inp2j.obj
e:\spice3f5\build\src\lib\inp\inp.dir\release\inp2i.obj
e:\spice3f5\build\src\lib\inp\inp.dir\release\inp2h.obj
e:\spice3f5\build\src\lib\inp\inp.dir\release\inp2g.obj
e:\spice3f5\build\src\lib\inp\inp.dir\release\inp2f.obj
e:\spice3f5\build\src\lib\inp\inp.dir\release\inp2e.obj
e:\spice3f5\build\src\lib\inp\inp.dir\release\inp2dot.obj
e:\spice3f5\build\src\lib\inp\inp.dir\release\inp2d.obj
e:\spice3f5\build\src\lib\inp\inp.dir\release\inp2c.obj
e:\spice3f5\build\src\lib\inp\inp.dir\release\inp2b.obj
e:\spice3f5\build\src\lib\inp\inp.dir\release\ifnewuid.obj
e:\spice3f5\build\src\lib\inp\inp.dir\release\ifeval.obj
e:\spice3f5\build\src\lib\inp\inp.dir\release\inplist.obj
e:\spice3f5\build\src\lib\inp\inp.dir\release\inpkmods.obj
e:\spice3f5\build\src\lib\inp\inp.dir\release\inpgval.obj
e:\spice3f5\build\src\lib\inp\inp.dir\release\inpgtok.obj
e:\spice3f5\build\src\lib\inp\inp.dir\release\inpgtitl.obj
e:\spice3f5\build\src\lib\inp\inp.dir\release\inpgmod.obj
e:\spice3f5\build\src\lib\inp\inp.dir\release\inpfindl.obj
e:\spice3f5\build\src\lib\inp\inp.dir\release\inpeval.obj
e:\spice3f5\build\src\lib\inp\inp.dir\release\inperror.obj
e:\spice3f5\build\src\lib\inp\inp.dir\release\inperrc.obj
e:\spice3f5\build\src\lib\inp\inp.dir\release\inpdpar.obj
e:\spice3f5\build\src\lib\inp\inp.dir\release\inpdoopt.obj
e:\spice3f5\build\src\lib\inp\inp.dir\release\inpdomod.obj
e:\spice3f5\build\src\lib\inp\inp.dir\release\inpcfix.obj
e:\spice3f5\build\src\lib\inp\inp.dir\release\inpapnam.obj
e:\spice3f5\build\src\lib\inp\inp.dir\release\inpaname.obj
e:\spice3f5\build\src\lib\inp\inp.dir\release\inp2z.obj
e:\spice3f5\build\src\lib\inp\inp.dir\release\inp2w.obj
e:\spice3f5\build\src\lib\inp\inp.dir\release\inp2v.obj
e:\spice3f5\build\src\lib\inp\inp.dir\release\inp2u.obj
e:\spice3f5\build\src\lib\inp\inp.dir\release\inpgstr.obj
e:\spice3f5\build\src\lib\inp\inp.dir\release\sperror.obj
e:\spice3f5\build\src\lib\inp\inp.dir\release\ptfuncs.obj
e:\spice3f5\build\src\lib\inp\inp.dir\release\inptyplk.obj
e:\spice3f5\build\src\lib\inp\inp.dir\release\inpsymt.obj
e:\spice3f5\build\src\lib\inp\inp.dir\release\inpptree.obj
e:\spice3f5\build\src\lib\inp\inp.dir\release\inppname.obj
e:\spice3f5\build\src\lib\inp\inp.dir\release\inppas2.obj
e:\spice3f5\build\src\lib\inp\inp.dir\release\inppas1.obj
e:\spice3f5\build\src\lib\inp\inp.dir\release\inpmktmp.obj
e:\spice3f5\build\src\lib\inp\inp.dir\release\inpmkmod.obj
e:\spice3f5\build\src\lib\inp\inp.dir\release\inplkmod.obj
e:\spice3f5\build\src\lib\inp\cmakefiles\generate.stamp
e:\spice3f5\build\src\lib\inp\release\inp.lib
e:\spice3f5\build\src\lib\inp\inp.dir\release\inp.tlog\cl.command.1.tlog
e:\spice3f5\build\src\lib\inp\inp.dir\release\inp.tlog\cl.read.1.tlog
e:\spice3f5\build\src\lib\inp\inp.dir\release\inp.tlog\cl.write.1.tlog
e:\spice3f5\build\src\lib\inp\inp.dir\release\inp.tlog\custombuild.command.1.tlog
e:\spice3f5\build\src\lib\inp\inp.dir\release\inp.tlog\custombuild.read.1.tlog
e:\spice3f5\build\src\lib\inp\inp.dir\release\inp.tlog\custombuild.write.1.tlog
e:\spice3f5\build\src\lib\inp\inp.dir\release\inp.tlog\lib-link.read.1.tlog
e:\spice3f5\build\src\lib\inp\inp.dir\release\inp.tlog\lib-link.write.1.tlog
e:\spice3f5\build\src\lib\inp\inp.dir\release\inp.tlog\lib.command.1.tlog
