e:\spice3f5\build\cmakefiles\generate.stamp
e:\spice3f5\build\src\cmakefiles\generate.stamp
e:\spice3f5\build\src\lib\cmakefiles\generate.stamp
e:\spice3f5\build\src\lib\ckt\cmakefiles\generate.stamp
e:\spice3f5\build\src\lib\cp\cmakefiles\generate.stamp
e:\spice3f5\build\src\lib\dev\cmakefiles\generate.stamp
e:\spice3f5\build\src\lib\dev\disto\cmakefiles\generate.stamp
e:\spice3f5\build\src\lib\dev\asrc\cmakefiles\generate.stamp
e:\spice3f5\build\src\lib\dev\bjt\cmakefiles\generate.stamp
e:\spice3f5\build\src\lib\dev\bsim1\cmakefiles\generate.stamp
e:\spice3f5\build\src\lib\dev\bsim2\cmakefiles\generate.stamp
e:\spice3f5\build\src\lib\dev\cap\cmakefiles\generate.stamp
e:\spice3f5\build\src\lib\dev\cccs\cmakefiles\generate.stamp
e:\spice3f5\build\src\lib\dev\ccvs\cmakefiles\generate.stamp
e:\spice3f5\build\src\lib\dev\csw\cmakefiles\generate.stamp
e:\spice3f5\build\src\lib\dev\dio\cmakefiles\generate.stamp
e:\spice3f5\build\src\lib\dev\ind\cmakefiles\generate.stamp
e:\spice3f5\build\src\lib\dev\isrc\cmakefiles\generate.stamp
e:\spice3f5\build\src\lib\dev\jfet\cmakefiles\generate.stamp
e:\spice3f5\build\src\lib\dev\ltra\cmakefiles\generate.stamp
e:\spice3f5\build\src\lib\dev\mes\cmakefiles\generate.stamp
e:\spice3f5\build\src\lib\dev\mos1\cmakefiles\generate.stamp
e:\spice3f5\build\src\lib\dev\mos2\cmakefiles\generate.stamp
e:\spice3f5\build\src\lib\dev\mos3\cmakefiles\generate.stamp
e:\spice3f5\build\src\lib\dev\mos6\cmakefiles\generate.stamp
e:\spice3f5\build\src\lib\dev\res\cmakefiles\generate.stamp
e:\spice3f5\build\src\lib\dev\sw\cmakefiles\generate.stamp
e:\spice3f5\build\src\lib\dev\tra\cmakefiles\generate.stamp
e:\spice3f5\build\src\lib\dev\urc\cmakefiles\generate.stamp
e:\spice3f5\build\src\lib\dev\vccs\cmakefiles\generate.stamp
e:\spice3f5\build\src\lib\dev\vcvs\cmakefiles\generate.stamp
e:\spice3f5\build\src\lib\dev\vsrc\cmakefiles\generate.stamp
e:\spice3f5\build\src\lib\fte\cmakefiles\generate.stamp
e:\spice3f5\build\src\lib\hlp\cmakefiles\generate.stamp
e:\spice3f5\build\src\lib\inp\cmakefiles\generate.stamp
e:\spice3f5\build\src\lib\misc\cmakefiles\generate.stamp
e:\spice3f5\build\src\lib\ni\cmakefiles\generate.stamp
e:\spice3f5\build\src\lib\sparse\cmakefiles\generate.stamp
e:\spice3f5\build\src\bin\cmakefiles\generate.stamp
e:\spice3f5\build\lib\cmakefiles\generate.stamp
e:\spice3f5\build\win32\release\zero_check\zero_check.tlog\custombuild.command.1.tlog
e:\spice3f5\build\win32\release\zero_check\zero_check.tlog\custombuild.read.1.tlog
e:\spice3f5\build\win32\release\zero_check\zero_check.tlog\custombuild.write.1.tlog
