e:\spice3f5\build\src\lib\fte\fte.dir\debug\fte.pdb
e:\spice3f5\build\src\lib\fte\fte.dir\debug\error.obj
e:\spice3f5\build\src\lib\fte\fte.dir\debug\dotcards.obj
e:\spice3f5\build\src\lib\fte\fte.dir\debug\doplot.obj
e:\spice3f5\build\src\lib\fte\fte.dir\debug\display.obj
e:\spice3f5\build\src\lib\fte\fte.dir\debug\diff.obj
e:\spice3f5\build\src\lib\fte\fte.dir\debug\device.obj
e:\spice3f5\build\src\lib\fte\fte.dir\debug\define.obj
e:\spice3f5\build\src\lib\fte\fte.dir\debug\debugcom.obj
e:\spice3f5\build\src\lib\fte\fte.dir\debug\cpitf.obj
e:\spice3f5\build\src\lib\fte\fte.dir\debug\compose.obj
e:\spice3f5\build\src\lib\fte\fte.dir\debug\cmath4.obj
e:\spice3f5\build\src\lib\fte\fte.dir\debug\cmath3.obj
e:\spice3f5\build\src\lib\fte\fte.dir\debug\cmath2.obj
e:\spice3f5\build\src\lib\fte\fte.dir\debug\cmath1.obj
e:\spice3f5\build\src\lib\fte\fte.dir\debug\clip.obj
e:\spice3f5\build\src\lib\fte\fte.dir\debug\circuits.obj
e:\spice3f5\build\src\lib\fte\fte.dir\debug\breakp.obj
e:\spice3f5\build\src\lib\fte\fte.dir\debug\aspice.obj
e:\spice3f5\build\src\lib\fte\fte.dir\debug\arg.obj
e:\spice3f5\build\src\lib\fte\fte.dir\debug\agraf.obj
e:\spice3f5\build\src\lib\fte\fte.dir\debug\plotcurv.obj
e:\spice3f5\build\src\lib\fte\fte.dir\debug\plot5.obj
e:\spice3f5\build\src\lib\fte\fte.dir\debug\parse.obj
e:\spice3f5\build\src\lib\fte\fte.dir\debug\outitf.obj
e:\spice3f5\build\src\lib\fte\fte.dir\debug\options.obj
e:\spice3f5\build\src\lib\fte\fte.dir\debug\nutmegif.obj
e:\spice3f5\build\src\lib\fte\fte.dir\debug\nutinp.obj
e:\spice3f5\build\src\lib\fte\fte.dir\debug\nutctab.obj
e:\spice3f5\build\src\lib\fte\fte.dir\debug\miscvars.obj
e:\spice3f5\build\src\lib\fte\fte.dir\debug\misccoms.obj
e:\spice3f5\build\src\lib\fte\fte.dir\debug\mfb.obj
e:\spice3f5\build\src\lib\fte\fte.dir\debug\linear.obj
e:\spice3f5\build\src\lib\fte\fte.dir\debug\interp.obj
e:\spice3f5\build\src\lib\fte\fte.dir\debug\inpcom.obj
e:\spice3f5\build\src\lib\fte\fte.dir\debug\inp.obj
e:\spice3f5\build\src\lib\fte\fte.dir\debug\grid.obj
e:\spice3f5\build\src\lib\fte\fte.dir\debug\graphdb.obj
e:\spice3f5\build\src\lib\fte\fte.dir\debug\graf.obj
e:\spice3f5\build\src\lib\fte\fte.dir\debug\fourier.obj
e:\spice3f5\build\src\lib\fte\fte.dir\debug\evaluate.obj
e:\spice3f5\build\src\lib\fte\fte.dir\debug\xgraph.obj
e:\spice3f5\build\src\lib\fte\fte.dir\debug\dimens.obj
e:\spice3f5\build\src\lib\fte\fte.dir\debug\newcoms.obj
e:\spice3f5\build\src\lib\fte\fte.dir\debug\gens.obj
e:\spice3f5\build\src\lib\fte\fte.dir\debug\x11.obj
e:\spice3f5\build\src\lib\fte\fte.dir\debug\x10.obj
e:\spice3f5\build\src\lib\fte\fte.dir\debug\where.obj
e:\spice3f5\build\src\lib\fte\fte.dir\debug\vectors.obj
e:\spice3f5\build\src\lib\fte\fte.dir\debug\types.obj
e:\spice3f5\build\src\lib\fte\fte.dir\debug\subckt.obj
e:\spice3f5\build\src\lib\fte\fte.dir\debug\spiceif.obj
e:\spice3f5\build\src\lib\fte\fte.dir\debug\spcmdtab.obj
e:\spice3f5\build\src\lib\fte\fte.dir\debug\signal.obj
e:\spice3f5\build\src\lib\fte\fte.dir\debug\shyu.obj
e:\spice3f5\build\src\lib\fte\fte.dir\debug\runcoms.obj
e:\spice3f5\build\src\lib\fte\fte.dir\debug\resource.obj
e:\spice3f5\build\src\lib\fte\fte.dir\debug\rawfile.obj
e:\spice3f5\build\src\lib\fte\fte.dir\debug\postsc.obj
e:\spice3f5\build\src\lib\fte\fte.dir\debug\postcoms.obj
e:\spice3f5\build\src\lib\fte\fte.dir\debug\points.obj
e:\spice3f5\build\src\lib\fte\fte.dir\debug\breakp2.obj
e:\spice3f5\build\src\lib\fte\fte.dir\debug\runcoms2.obj
e:\spice3f5\build\src\lib\fte\cmakefiles\generate.stamp
e:\spice3f5\build\src\lib\fte\debug\fte.lib
e:\spice3f5\build\src\lib\fte\debug\fte.pdb
e:\spice3f5\build\src\lib\fte\fte.dir\debug\fte.tlog\cl.command.1.tlog
e:\spice3f5\build\src\lib\fte\fte.dir\debug\fte.tlog\cl.read.1.tlog
e:\spice3f5\build\src\lib\fte\fte.dir\debug\fte.tlog\cl.write.1.tlog
e:\spice3f5\build\src\lib\fte\fte.dir\debug\fte.tlog\custombuild.command.1.tlog
e:\spice3f5\build\src\lib\fte\fte.dir\debug\fte.tlog\custombuild.read.1.tlog
e:\spice3f5\build\src\lib\fte\fte.dir\debug\fte.tlog\custombuild.write.1.tlog
e:\spice3f5\build\src\lib\fte\fte.dir\debug\fte.tlog\lib-link.read.1.tlog
e:\spice3f5\build\src\lib\fte\fte.dir\debug\fte.tlog\lib-link.write.1.tlog
e:\spice3f5\build\src\lib\fte\fte.dir\debug\fte.tlog\lib.command.1.tlog
