e:\spice3f5\build\src\lib\misc\misc.dir\release\time.obj
e:\spice3f5\build\src\lib\misc\misc.dir\release\tilde.obj
e:\spice3f5\build\src\lib\misc\misc.dir\release\string.obj
e:\spice3f5\build\src\lib\misc\misc.dir\release\printnum.obj
e:\spice3f5\build\src\lib\misc\misc.dir\release\mktemp.obj
e:\spice3f5\build\src\lib\misc\misc.dir\release\math.obj
e:\spice3f5\build\src\lib\misc\misc.dir\release\ivars.obj
e:\spice3f5\build\src\lib\misc\misc.dir\release\dup2.obj
e:\spice3f5\build\src\lib\misc\misc.dir\release\dos_dirs.obj
e:\spice3f5\build\src\lib\misc\misc.dir\release\alloc.obj
e:\spice3f5\build\src\lib\misc\cmakefiles\generate.stamp
e:\spice3f5\build\src\lib\misc\release\misc.lib
e:\spice3f5\build\src\lib\misc\misc.dir\release\misc.tlog\cl.command.1.tlog
e:\spice3f5\build\src\lib\misc\misc.dir\release\misc.tlog\cl.read.1.tlog
e:\spice3f5\build\src\lib\misc\misc.dir\release\misc.tlog\cl.write.1.tlog
e:\spice3f5\build\src\lib\misc\misc.dir\release\misc.tlog\custombuild.command.1.tlog
e:\spice3f5\build\src\lib\misc\misc.dir\release\misc.tlog\custombuild.read.1.tlog
e:\spice3f5\build\src\lib\misc\misc.dir\release\misc.tlog\custombuild.write.1.tlog
e:\spice3f5\build\src\lib\misc\misc.dir\release\misc.tlog\lib-link.read.1.tlog
e:\spice3f5\build\src\lib\misc\misc.dir\release\misc.tlog\lib-link.write.1.tlog
e:\spice3f5\build\src\lib\misc\misc.dir\release\misc.tlog\lib.command.1.tlog
