e:\spice3f5\build\src\lib\inp\inp.dir\debug\inp.pdb
e:\spice3f5\build\src\lib\inp\inp.dir\debug\inp2t.obj
e:\spice3f5\build\src\lib\inp\inp.dir\debug\inp2s.obj
e:\spice3f5\build\src\lib\inp\inp.dir\debug\inp2r.obj
e:\spice3f5\build\src\lib\inp\inp.dir\debug\inp2q.obj
e:\spice3f5\build\src\lib\inp\inp.dir\debug\inp2o.obj
e:\spice3f5\build\src\lib\inp\inp.dir\debug\inp2m.obj
e:\spice3f5\build\src\lib\inp\inp.dir\debug\inp2l.obj
e:\spice3f5\build\src\lib\inp\inp.dir\debug\inp2k.obj
e:\spice3f5\build\src\lib\inp\inp.dir\debug\inp2j.obj
e:\spice3f5\build\src\lib\inp\inp.dir\debug\inp2i.obj
e:\spice3f5\build\src\lib\inp\inp.dir\debug\inp2h.obj
e:\spice3f5\build\src\lib\inp\inp.dir\debug\inp2g.obj
e:\spice3f5\build\src\lib\inp\inp.dir\debug\inp2f.obj
e:\spice3f5\build\src\lib\inp\inp.dir\debug\inp2e.obj
e:\spice3f5\build\src\lib\inp\inp.dir\debug\inp2dot.obj
e:\spice3f5\build\src\lib\inp\inp.dir\debug\inp2d.obj
e:\spice3f5\build\src\lib\inp\inp.dir\debug\inp2c.obj
e:\spice3f5\build\src\lib\inp\inp.dir\debug\inp2b.obj
e:\spice3f5\build\src\lib\inp\inp.dir\debug\ifnewuid.obj
e:\spice3f5\build\src\lib\inp\inp.dir\debug\ifeval.obj
e:\spice3f5\build\src\lib\inp\inp.dir\debug\inplist.obj
e:\spice3f5\build\src\lib\inp\inp.dir\debug\inpkmods.obj
e:\spice3f5\build\src\lib\inp\inp.dir\debug\inpgval.obj
e:\spice3f5\build\src\lib\inp\inp.dir\debug\inpgtok.obj
e:\spice3f5\build\src\lib\inp\inp.dir\debug\inpgtitl.obj
e:\spice3f5\build\src\lib\inp\inp.dir\debug\inpgmod.obj
e:\spice3f5\build\src\lib\inp\inp.dir\debug\inpfindl.obj
e:\spice3f5\build\src\lib\inp\inp.dir\debug\inpeval.obj
e:\spice3f5\build\src\lib\inp\inp.dir\debug\inperror.obj
e:\spice3f5\build\src\lib\inp\inp.dir\debug\inperrc.obj
e:\spice3f5\build\src\lib\inp\inp.dir\debug\inpdpar.obj
e:\spice3f5\build\src\lib\inp\inp.dir\debug\inpdoopt.obj
e:\spice3f5\build\src\lib\inp\inp.dir\debug\inpdomod.obj
e:\spice3f5\build\src\lib\inp\inp.dir\debug\inpcfix.obj
e:\spice3f5\build\src\lib\inp\inp.dir\debug\inpapnam.obj
e:\spice3f5\build\src\lib\inp\inp.dir\debug\inpaname.obj
e:\spice3f5\build\src\lib\inp\inp.dir\debug\inp2z.obj
e:\spice3f5\build\src\lib\inp\inp.dir\debug\inp2w.obj
e:\spice3f5\build\src\lib\inp\inp.dir\debug\inp2v.obj
e:\spice3f5\build\src\lib\inp\inp.dir\debug\inp2u.obj
e:\spice3f5\build\src\lib\inp\inp.dir\debug\inpgstr.obj
e:\spice3f5\build\src\lib\inp\inp.dir\debug\sperror.obj
e:\spice3f5\build\src\lib\inp\inp.dir\debug\ptfuncs.obj
e:\spice3f5\build\src\lib\inp\inp.dir\debug\inptyplk.obj
e:\spice3f5\build\src\lib\inp\inp.dir\debug\inpsymt.obj
e:\spice3f5\build\src\lib\inp\inp.dir\debug\inpptree.obj
e:\spice3f5\build\src\lib\inp\inp.dir\debug\inppname.obj
e:\spice3f5\build\src\lib\inp\inp.dir\debug\inppas2.obj
e:\spice3f5\build\src\lib\inp\inp.dir\debug\inppas1.obj
e:\spice3f5\build\src\lib\inp\inp.dir\debug\inpmktmp.obj
e:\spice3f5\build\src\lib\inp\inp.dir\debug\inpmkmod.obj
e:\spice3f5\build\src\lib\inp\inp.dir\debug\inplkmod.obj
e:\spice3f5\build\src\lib\inp\cmakefiles\generate.stamp
e:\spice3f5\build\src\lib\inp\debug\inp.lib
e:\spice3f5\build\src\lib\inp\debug\inp.pdb
e:\spice3f5\build\src\lib\inp\inp.dir\debug\inp.tlog\cl.command.1.tlog
e:\spice3f5\build\src\lib\inp\inp.dir\debug\inp.tlog\cl.read.1.tlog
e:\spice3f5\build\src\lib\inp\inp.dir\debug\inp.tlog\cl.write.1.tlog
e:\spice3f5\build\src\lib\inp\inp.dir\debug\inp.tlog\custombuild.command.1.tlog
e:\spice3f5\build\src\lib\inp\inp.dir\debug\inp.tlog\custombuild.read.1.tlog
e:\spice3f5\build\src\lib\inp\inp.dir\debug\inp.tlog\custombuild.write.1.tlog
e:\spice3f5\build\src\lib\inp\inp.dir\debug\inp.tlog\lib-link.read.1.tlog
e:\spice3f5\build\src\lib\inp\inp.dir\debug\inp.tlog\lib-link.write.1.tlog
e:\spice3f5\build\src\lib\inp\inp.dir\debug\inp.tlog\lib.command.1.tlog
