  ifeval.c
  ifnewuid.c
E:\spice3f5\src\lib\inp\ifnewuid.c(32): warning C4996: 'sprintf': This function or variable may be unsafe. Consider using sprintf_s instead. To disable deprecation, use _CRT_SECURE_NO_WARNINGS. See online help for details.
  C:\Program Files (x86)\Windows Kits\10\Include\10.0.16299.0\ucrt\stdio.h(1772): note:  см. объявление "sprintf"
E:\spice3f5\src\lib\inp\ifnewuid.c(36): warning C4996: 'sprintf': This function or variable may be unsafe. Consider using sprintf_s instead. To disable deprecation, use _CRT_SECURE_NO_WARNINGS. See online help for details.
  C:\Program Files (x86)\Windows Kits\10\Include\10.0.16299.0\ucrt\stdio.h(1772): note:  см. объявление "sprintf"
E:\spice3f5\src\lib\inp\ifnewuid.c(83): warning C4013: INPremTerm: нет определения; предполагается "extern" с возвратом типа "int"
  inp2b.c
  inp2c.c
  inp2d.c
  inp2dot.c
E:\spice3f5\src\lib\inp\inp2dot.c(385): warning C4996: 'sprintf': This function or variable may be unsafe. Consider using sprintf_s instead. To disable deprecation, use _CRT_SECURE_NO_WARNINGS. See online help for details.
  C:\Program Files (x86)\Windows Kits\10\Include\10.0.16299.0\ucrt\stdio.h(1772): note:  см. объявление "sprintf"
E:\spice3f5\src\lib\inp\inp2dot.c(391): warning C4996: 'sprintf': This function or variable may be unsafe. Consider using sprintf_s instead. To disable deprecation, use _CRT_SECURE_NO_WARNINGS. See online help for details.
  C:\Program Files (x86)\Windows Kits\10\Include\10.0.16299.0\ucrt\stdio.h(1772): note:  см. объявление "sprintf"
E:\spice3f5\src\lib\inp\inp2dot.c(505): warning C4996: 'sprintf': This function or variable may be unsafe. Consider using sprintf_s instead. To disable deprecation, use _CRT_SECURE_NO_WARNINGS. See online help for details.
  C:\Program Files (x86)\Windows Kits\10\Include\10.0.16299.0\ucrt\stdio.h(1772): note:  см. объявление "sprintf"
E:\spice3f5\src\lib\inp\inp2dot.c(511): warning C4996: 'sprintf': This function or variable may be unsafe. Consider using sprintf_s instead. To disable deprecation, use _CRT_SECURE_NO_WARNINGS. See online help for details.
  C:\Program Files (x86)\Windows Kits\10\Include\10.0.16299.0\ucrt\stdio.h(1772): note:  см. объявление "sprintf"
  inp2e.c
  inp2f.c
  inp2g.c
  inp2h.c
  inp2i.c
  inp2j.c
  inp2k.c
  inp2l.c
  inp2m.c
  inp2o.c
  inp2q.c
  inp2r.c
  inp2s.c
  inp2t.c
  Создание кода...
  Компиляция...
  inp2u.c
  inp2v.c
  inp2w.c
  inp2z.c
  inpaname.c
  inpapnam.c
  inpcfix.c
  inpdomod.c
E:\spice3f5\src\lib\inp\inpdomod.c(161): warning C4996: 'sprintf': This function or variable may be unsafe. Consider using sprintf_s instead. To disable deprecation, use _CRT_SECURE_NO_WARNINGS. See online help for details.
  C:\Program Files (x86)\Windows Kits\10\Include\10.0.16299.0\ucrt\stdio.h(1772): note:  см. объявление "sprintf"
  inpdoopt.c
E:\spice3f5\src\lib\inp\inpdoopt.c(60): warning C4996: 'sprintf': This function or variable may be unsafe. Consider using sprintf_s instead. To disable deprecation, use _CRT_SECURE_NO_WARNINGS. See online help for details.
  C:\Program Files (x86)\Windows Kits\10\Include\10.0.16299.0\ucrt\stdio.h(1772): note:  см. объявление "sprintf"
E:\spice3f5\src\lib\inp\inpdoopt.c(74): warning C4996: 'sprintf': This function or variable may be unsafe. Consider using sprintf_s instead. To disable deprecation, use _CRT_SECURE_NO_WARNINGS. See online help for details.
  C:\Program Files (x86)\Windows Kits\10\Include\10.0.16299.0\ucrt\stdio.h(1772): note:  см. объявление "sprintf"
E:\spice3f5\src\lib\inp\inpdoopt.c(84): warning C4996: 'strcpy': This function or variable may be unsafe. Consider using strcpy_s instead. To disable deprecation, use _CRT_SECURE_NO_WARNINGS. See online help for details.
  C:\Program Files (x86)\Windows Kits\10\Include\10.0.16299.0\ucrt\string.h(132): note:  см. объявление "strcpy"
  inpdpar.c
E:\spice3f5\src\lib\inp\inpdpar.c(69): warning C4996: 'sprintf': This function or variable may be unsafe. Consider using sprintf_s instead. To disable deprecation, use _CRT_SECURE_NO_WARNINGS. See online help for details.
  C:\Program Files (x86)\Windows Kits\10\Include\10.0.16299.0\ucrt\stdio.h(1772): note:  см. объявление "sprintf"
  inperrc.c
E:\spice3f5\src\lib\inp\inperrc.c(28): warning C4996: 'strcpy': This function or variable may be unsafe. Consider using strcpy_s instead. To disable deprecation, use _CRT_SECURE_NO_WARNINGS. See online help for details.
  C:\Program Files (x86)\Windows Kits\10\Include\10.0.16299.0\ucrt\string.h(132): note:  см. объявление "strcpy"
E:\spice3f5\src\lib\inp\inperrc.c(29): warning C4996: 'strcat': This function or variable may be unsafe. Consider using strcat_s instead. To disable deprecation, use _CRT_SECURE_NO_WARNINGS. See online help for details.
  C:\Program Files (x86)\Windows Kits\10\Include\10.0.16299.0\ucrt\string.h(89): note:  см. объявление "strcat"
E:\spice3f5\src\lib\inp\inperrc.c(30): warning C4996: 'strcat': This function or variable may be unsafe. Consider using strcat_s instead. To disable deprecation, use _CRT_SECURE_NO_WARNINGS. See online help for details.
  C:\Program Files (x86)\Windows Kits\10\Include\10.0.16299.0\ucrt\string.h(89): note:  см. объявление "strcat"
  inperror.c
E:\spice3f5\src\lib\inp\inperror.c(32): warning C4996: 'sprintf': This function or variable may be unsafe. Consider using sprintf_s instead. To disable deprecation, use _CRT_SECURE_NO_WARNINGS. See online help for details.
  C:\Program Files (x86)\Windows Kits\10\Include\10.0.16299.0\ucrt\stdio.h(1772): note:  см. объявление "sprintf"
E:\spice3f5\src\lib\inp\inperror.c(34): warning C4996: 'sprintf': This function or variable may be unsafe. Consider using sprintf_s instead. To disable deprecation, use _CRT_SECURE_NO_WARNINGS. See online help for details.
  C:\Program Files (x86)\Windows Kits\10\Include\10.0.16299.0\ucrt\stdio.h(1772): note:  см. объявление "sprintf"
E:\spice3f5\src\lib\inp\inperror.c(39): warning C4996: 'strcpy': This function or variable may be unsafe. Consider using strcpy_s instead. To disable deprecation, use _CRT_SECURE_NO_WARNINGS. See online help for details.
  C:\Program Files (x86)\Windows Kits\10\Include\10.0.16299.0\ucrt\string.h(132): note:  см. объявление "strcpy"
  inpeval.c
E:\spice3f5\src\lib\inp\inpeval.c(31): warning C4013: INPgetUTok: нет определения; предполагается "extern" с возвратом типа "int"
  inpfindl.c
  inpgmod.c
E:\spice3f5\src\lib\inp\inpgmod.c(42): warning C4996: 'sprintf': This function or variable may be unsafe. Consider using sprintf_s instead. To disable deprecation, use _CRT_SECURE_NO_WARNINGS. See online help for details.
  C:\Program Files (x86)\Windows Kits\10\Include\10.0.16299.0\ucrt\stdio.h(1772): note:  см. объявление "sprintf"
E:\spice3f5\src\lib\inp\inpgmod.c(83): warning C4996: 'sprintf': This function or variable may be unsafe. Consider using sprintf_s instead. To disable deprecation, use _CRT_SECURE_NO_WARNINGS. See online help for details.
  C:\Program Files (x86)\Windows Kits\10\Include\10.0.16299.0\ucrt\stdio.h(1772): note:  см. объявление "sprintf"
E:\spice3f5\src\lib\inp\inpgmod.c(99): warning C4996: 'sprintf': This function or variable may be unsafe. Consider using sprintf_s instead. To disable deprecation, use _CRT_SECURE_NO_WARNINGS. See online help for details.
  C:\Program Files (x86)\Windows Kits\10\Include\10.0.16299.0\ucrt\stdio.h(1772): note:  см. объявление "sprintf"
  inpgstr.c
E:\spice3f5\src\lib\inp\inpgstr.c(61): warning C4996: 'strncpy': This function or variable may be unsafe. Consider using strncpy_s instead. To disable deprecation, use _CRT_SECURE_NO_WARNINGS. See online help for details.
  C:\Program Files (x86)\Windows Kits\10\Include\10.0.16299.0\ucrt\string.h(337): note:  см. объявление "strncpy"
  inpgtitl.c
  inpgtok.c
E:\spice3f5\src\lib\inp\inpgtok.c(56): warning C4996: 'strncpy': This function or variable may be unsafe. Consider using strncpy_s instead. To disable deprecation, use _CRT_SECURE_NO_WARNINGS. See online help for details.
  C:\Program Files (x86)\Windows Kits\10\Include\10.0.16299.0\ucrt\string.h(337): note:  см. объявление "strncpy"
E:\spice3f5\src\lib\inp\inpgtok.c(150): warning C4996: 'strncpy': This function or variable may be unsafe. Consider using strncpy_s instead. To disable deprecation, use _CRT_SECURE_NO_WARNINGS. See online help for details.
  C:\Program Files (x86)\Windows Kits\10\Include\10.0.16299.0\ucrt\string.h(337): note:  см. объявление "strncpy"
  inpgval.c
E:\spice3f5\src\lib\inp\inpgval.c(32): warning C4244: =: преобразование "double" в "int", возможна потеря данных
E:\spice3f5\src\lib\inp\inpgval.c(57): warning C4244: =: преобразование "double" в "int", возможна потеря данных
E:\spice3f5\src\lib\inp\inpgval.c(71): warning C4013: INPgetStr: нет определения; предполагается "extern" с возвратом типа "int"
  inpkmods.c
  Создание кода...
  Компиляция...
  inplist.c
  inplkmod.c
  inpmkmod.c
  inpmktmp.c
E:\spice3f5\src\lib\inp\inpmktmp.c(25): warning C4996: 'strcpy': This function or variable may be unsafe. Consider using strcpy_s instead. To disable deprecation, use _CRT_SECURE_NO_WARNINGS. See online help for details.
  C:\Program Files (x86)\Windows Kits\10\Include\10.0.16299.0\ucrt\string.h(132): note:  см. объявление "strcpy"
  inppas1.c
  inppas2.c
  inppname.c
  inpptree.c
E:\spice3f5\src\lib\inp\inpptree.c(572): warning C4013: bcopy: нет определения; предполагается "extern" с возвратом типа "int"
E:\spice3f5\src\lib\inp\inpptree.c(723): warning C4996: 'strcpy': This function or variable may be unsafe. Consider using strcpy_s instead. To disable deprecation, use _CRT_SECURE_NO_WARNINGS. See online help for details.
  C:\Program Files (x86)\Windows Kits\10\Include\10.0.16299.0\ucrt\string.h(132): note:  см. объявление "strcpy"
E:\spice3f5\src\lib\inp\inpptree.c(733): warning C4996: 'strcpy': This function or variable may be unsafe. Consider using strcpy_s instead. To disable deprecation, use _CRT_SECURE_NO_WARNINGS. See online help for details.
  C:\Program Files (x86)\Windows Kits\10\Include\10.0.16299.0\ucrt\string.h(132): note:  см. объявление "strcpy"
E:\spice3f5\src\lib\inp\inpptree.c(735): warning C4996: 'sprintf': This function or variable may be unsafe. Consider using sprintf_s instead. To disable deprecation, use _CRT_SECURE_NO_WARNINGS. See online help for details.
  C:\Program Files (x86)\Windows Kits\10\Include\10.0.16299.0\ucrt\stdio.h(1772): note:  см. объявление "sprintf"
E:\spice3f5\src\lib\inp\inpptree.c(772): warning C4996: 'strcpy': This function or variable may be unsafe. Consider using strcpy_s instead. To disable deprecation, use _CRT_SECURE_NO_WARNINGS. See online help for details.
  C:\Program Files (x86)\Windows Kits\10\Include\10.0.16299.0\ucrt\string.h(132): note:  см. объявление "strcpy"
E:\spice3f5\src\lib\inp\inpptree.c(774): warning C4996: 'sprintf': This function or variable may be unsafe. Consider using sprintf_s instead. To disable deprecation, use _CRT_SECURE_NO_WARNINGS. See online help for details.
  C:\Program Files (x86)\Windows Kits\10\Include\10.0.16299.0\ucrt\stdio.h(1772): note:  см. объявление "sprintf"
E:\spice3f5\src\lib\inp\inpptree.c(848): warning C4996: 'strcpy': This function or variable may be unsafe. Consider using strcpy_s instead. To disable deprecation, use _CRT_SECURE_NO_WARNINGS. See online help for details.
  C:\Program Files (x86)\Windows Kits\10\Include\10.0.16299.0\ucrt\string.h(132): note:  см. объявление "strcpy"
E:\spice3f5\src\lib\inp\inpptree.c(875): warning C4996: 'strcpy': This function or variable may be unsafe. Consider using strcpy_s instead. To disable deprecation, use _CRT_SECURE_NO_WARNINGS. See online help for details.
  C:\Program Files (x86)\Windows Kits\10\Include\10.0.16299.0\ucrt\string.h(132): note:  см. объявление "strcpy"
E:\spice3f5\src\lib\inp\inpptree.c(992): warning C4996: 'strncpy': This function or variable may be unsafe. Consider using strncpy_s instead. To disable deprecation, use _CRT_SECURE_NO_WARNINGS. See online help for details.
  C:\Program Files (x86)\Windows Kits\10\Include\10.0.16299.0\ucrt\string.h(337): note:  см. объявление "strncpy"
  inpsymt.c
E:\spice3f5\src\lib\inp\inpsymt.c(39): warning C4013: bzero: нет определения; предполагается "extern" с возвратом типа "int"
  inptyplk.c
  ptfuncs.c
  sperror.c
E:\spice3f5\src\lib\inp\sperror.c(126): warning C4996: 'strcpy': This function or variable may be unsafe. Consider using strcpy_s instead. To disable deprecation, use _CRT_SECURE_NO_WARNINGS. See online help for details.
  C:\Program Files (x86)\Windows Kits\10\Include\10.0.16299.0\ucrt\string.h(132): note:  см. объявление "strcpy"
  Создание кода...
e:\spice3f5\src\lib\inp\inpptree.c(782): warning C4700: использована неинициализированная локальная переменная "temp"
  inp.vcxproj -> E:\spice3f5\build\src\lib\inp\Debug\inp.lib
