Scanning dependencies of target inp
[  0%] Building C object src/lib/inp/CMakeFiles/inp.dir/ifeval.c.o
[  0%] Building C object src/lib/inp/CMakeFiles/inp.dir/ifnewuid.c.o
[  0%] Building C object src/lib/inp/CMakeFiles/inp.dir/inp2b.c.o
[  1%] Building C object src/lib/inp/CMakeFiles/inp.dir/inp2c.c.o
[  1%] Building C object src/lib/inp/CMakeFiles/inp.dir/inp2d.c.o
[  1%] Building C object src/lib/inp/CMakeFiles/inp.dir/inp2dot.c.o
[  1%] Building C object src/lib/inp/CMakeFiles/inp.dir/inp2e.c.o
[  1%] Building C object src/lib/inp/CMakeFiles/inp.dir/inp2f.c.o
[  1%] Building C object src/lib/inp/CMakeFiles/inp.dir/inp2g.c.o
[  1%] Building C object src/lib/inp/CMakeFiles/inp.dir/inp2h.c.o
[  1%] Building C object src/lib/inp/CMakeFiles/inp.dir/inp2i.c.o
[  2%] Building C object src/lib/inp/CMakeFiles/inp.dir/inp2j.c.o
[  2%] Building C object src/lib/inp/CMakeFiles/inp.dir/inp2k.c.o
[  2%] Building C object src/lib/inp/CMakeFiles/inp.dir/inp2l.c.o
[  2%] Building C object src/lib/inp/CMakeFiles/inp.dir/inp2m.c.o
[  2%] Building C object src/lib/inp/CMakeFiles/inp.dir/inp2o.c.o
[  2%] Building C object src/lib/inp/CMakeFiles/inp.dir/inp2q.c.o
[  2%] Building C object src/lib/inp/CMakeFiles/inp.dir/inp2r.c.o
[  3%] Building C object src/lib/inp/CMakeFiles/inp.dir/inp2s.c.o
[  3%] Building C object src/lib/inp/CMakeFiles/inp.dir/inp2t.c.o
[  3%] Building C object src/lib/inp/CMakeFiles/inp.dir/inp2u.c.o
[  3%] Building C object src/lib/inp/CMakeFiles/inp.dir/inp2v.c.o
[  3%] Building C object src/lib/inp/CMakeFiles/inp.dir/inp2w.c.o
[  3%] Building C object src/lib/inp/CMakeFiles/inp.dir/inp2z.c.o
[  3%] Building C object src/lib/inp/CMakeFiles/inp.dir/inpaname.c.o
[  3%] Building C object src/lib/inp/CMakeFiles/inp.dir/inpapnam.c.o
[  4%] Building C object src/lib/inp/CMakeFiles/inp.dir/inpcfix.c.o
[  4%] Building C object src/lib/inp/CMakeFiles/inp.dir/inpdomod.c.o
[  4%] Building C object src/lib/inp/CMakeFiles/inp.dir/inpdoopt.c.o
[  4%] Building C object src/lib/inp/CMakeFiles/inp.dir/inpdpar.c.o
[  4%] Building C object src/lib/inp/CMakeFiles/inp.dir/inperrc.c.o
[  4%] Building C object src/lib/inp/CMakeFiles/inp.dir/inperror.c.o
[  4%] Building C object src/lib/inp/CMakeFiles/inp.dir/inpeval.c.o
[  5%] Building C object src/lib/inp/CMakeFiles/inp.dir/inpfindl.c.o
[  5%] Building C object src/lib/inp/CMakeFiles/inp.dir/inpgmod.c.o
[  5%] Building C object src/lib/inp/CMakeFiles/inp.dir/inpgtitl.c.o
[  5%] Building C object src/lib/inp/CMakeFiles/inp.dir/inpgtok.c.o
[  5%] Building C object src/lib/inp/CMakeFiles/inp.dir/inpgval.c.o
[  5%] Building C object src/lib/inp/CMakeFiles/inp.dir/inpkmods.c.o
[  5%] Building C object src/lib/inp/CMakeFiles/inp.dir/inplist.c.o
[  5%] Building C object src/lib/inp/CMakeFiles/inp.dir/inplkmod.c.o
[  6%] Building C object src/lib/inp/CMakeFiles/inp.dir/inpmkmod.c.o
[  6%] Building C object src/lib/inp/CMakeFiles/inp.dir/inpmktmp.c.o
[  6%] Building C object src/lib/inp/CMakeFiles/inp.dir/inppas1.c.o
[  6%] Building C object src/lib/inp/CMakeFiles/inp.dir/inppas2.c.o
[  6%] Building C object src/lib/inp/CMakeFiles/inp.dir/inppname.c.o
[  6%] Building C object src/lib/inp/CMakeFiles/inp.dir/inpptree.c.o
[  6%] Building C object src/lib/inp/CMakeFiles/inp.dir/inpsymt.c.o
[  7%] Building C object src/lib/inp/CMakeFiles/inp.dir/inptyplk.c.o
[  7%] Building C object src/lib/inp/CMakeFiles/inp.dir/ptfuncs.c.o
[  7%] Building C object src/lib/inp/CMakeFiles/inp.dir/sperror.c.o
[  7%] Building C object src/lib/inp/CMakeFiles/inp.dir/inpgstr.c.o
[  7%] Linking C static library libinp.a
[  7%] Built target inp
Scanning dependencies of target fte
[  7%] Building C object src/lib/fte/CMakeFiles/fte.dir/agraf.c.o
[  7%] Building C object src/lib/fte/CMakeFiles/fte.dir/arg.c.o
[  8%] Building C object src/lib/fte/CMakeFiles/fte.dir/aspice.c.o
[  8%] Building C object src/lib/fte/CMakeFiles/fte.dir/breakp.c.o
[  8%] Building C object src/lib/fte/CMakeFiles/fte.dir/circuits.c.o
[  8%] Building C object src/lib/fte/CMakeFiles/fte.dir/clip.c.o
[  8%] Building C object src/lib/fte/CMakeFiles/fte.dir/cmath1.c.o
[  8%] Building C object src/lib/fte/CMakeFiles/fte.dir/cmath2.c.o
[  8%] Building C object src/lib/fte/CMakeFiles/fte.dir/cmath3.c.o
[  8%] Building C object src/lib/fte/CMakeFiles/fte.dir/cmath4.c.o
[  9%] Building C object src/lib/fte/CMakeFiles/fte.dir/compose.c.o
[  9%] Building C object src/lib/fte/CMakeFiles/fte.dir/cpitf.c.o
[  9%] Building C object src/lib/fte/CMakeFiles/fte.dir/debugcom.c.o
[  9%] Building C object src/lib/fte/CMakeFiles/fte.dir/define.c.o
[  9%] Building C object src/lib/fte/CMakeFiles/fte.dir/device.c.o
[  9%] Building C object src/lib/fte/CMakeFiles/fte.dir/diff.c.o
[  9%] Building C object src/lib/fte/CMakeFiles/fte.dir/display.c.o
[ 10%] Building C object src/lib/fte/CMakeFiles/fte.dir/doplot.c.o
[ 10%] Building C object src/lib/fte/CMakeFiles/fte.dir/dotcards.c.o
[ 10%] Building C object src/lib/fte/CMakeFiles/fte.dir/error.c.o
[ 10%] Building C object src/lib/fte/CMakeFiles/fte.dir/evaluate.c.o
[ 10%] Building C object src/lib/fte/CMakeFiles/fte.dir/fourier.c.o
[ 10%] Building C object src/lib/fte/CMakeFiles/fte.dir/graf.c.o
[ 10%] Building C object src/lib/fte/CMakeFiles/fte.dir/graphdb.c.o
[ 10%] Building C object src/lib/fte/CMakeFiles/fte.dir/grid.c.o
[ 11%] Building C object src/lib/fte/CMakeFiles/fte.dir/inp.c.o
[ 11%] Building C object src/lib/fte/CMakeFiles/fte.dir/inpcom.c.o
[ 11%] Building C object src/lib/fte/CMakeFiles/fte.dir/interp.c.o
[ 11%] Building C object src/lib/fte/CMakeFiles/fte.dir/linear.c.o
[ 11%] Building C object src/lib/fte/CMakeFiles/fte.dir/mfb.c.o
[ 11%] Building C object src/lib/fte/CMakeFiles/fte.dir/misccoms.c.o
[ 11%] Building C object src/lib/fte/CMakeFiles/fte.dir/miscvars.c.o
[ 12%] Building C object src/lib/fte/CMakeFiles/fte.dir/nutctab.c.o
[ 12%] Building C object src/lib/fte/CMakeFiles/fte.dir/nutinp.c.o
[ 12%] Building C object src/lib/fte/CMakeFiles/fte.dir/nutmegif.c.o
[ 12%] Building C object src/lib/fte/CMakeFiles/fte.dir/options.c.o
[ 12%] Building C object src/lib/fte/CMakeFiles/fte.dir/outitf.c.o
[ 12%] Building C object src/lib/fte/CMakeFiles/fte.dir/parse.c.o
[ 12%] Building C object src/lib/fte/CMakeFiles/fte.dir/plot5.c.o
[ 12%] Building C object src/lib/fte/CMakeFiles/fte.dir/plotcurv.c.o
[ 13%] Building C object src/lib/fte/CMakeFiles/fte.dir/points.c.o
[ 13%] Building C object src/lib/fte/CMakeFiles/fte.dir/postcoms.c.o
[ 13%] Building C object src/lib/fte/CMakeFiles/fte.dir/postsc.c.o
[ 13%] Building C object src/lib/fte/CMakeFiles/fte.dir/rawfile.c.o
[ 13%] Building C object src/lib/fte/CMakeFiles/fte.dir/resource.c.o
[ 13%] Building C object src/lib/fte/CMakeFiles/fte.dir/runcoms.c.o
[ 13%] Building C object src/lib/fte/CMakeFiles/fte.dir/shyu.c.o
[ 14%] Building C object src/lib/fte/CMakeFiles/fte.dir/signal.c.o
[ 14%] Building C object src/lib/fte/CMakeFiles/fte.dir/spcmdtab.c.o
[ 14%] Building C object src/lib/fte/CMakeFiles/fte.dir/spiceif.c.o
[ 14%] Building C object src/lib/fte/CMakeFiles/fte.dir/subckt.c.o
[ 14%] Building C object src/lib/fte/CMakeFiles/fte.dir/types.c.o
[ 14%] Building C object src/lib/fte/CMakeFiles/fte.dir/vectors.c.o
[ 14%] Building C object src/lib/fte/CMakeFiles/fte.dir/where.c.o
[ 14%] Building C object src/lib/fte/CMakeFiles/fte.dir/x10.c.o
[ 15%] Building C object src/lib/fte/CMakeFiles/fte.dir/x11.c.o
[ 15%] Building C object src/lib/fte/CMakeFiles/fte.dir/gens.c.o
[ 15%] Building C object src/lib/fte/CMakeFiles/fte.dir/newcoms.c.o
[ 15%] Building C object src/lib/fte/CMakeFiles/fte.dir/dimens.c.o
[ 15%] Building C object src/lib/fte/CMakeFiles/fte.dir/xgraph.c.o
[ 15%] Building C object src/lib/fte/CMakeFiles/fte.dir/runcoms2.c.o
[ 15%] Building C object src/lib/fte/CMakeFiles/fte.dir/breakp2.c.o
[ 16%] Linking C static library libfte.a
[ 16%] Built target fte
Scanning dependencies of target ckt
[ 17%] Building C object src/lib/ckt/CMakeFiles/ckt.dir/acan.c.o
[ 17%] Building C object src/lib/ckt/CMakeFiles/ckt.dir/acaskq.c.o
[ 17%] Building C object src/lib/ckt/CMakeFiles/ckt.dir/acsetp.c.o
[ 17%] Building C object src/lib/ckt/CMakeFiles/ckt.dir/cktaccpt.c.o
[ 17%] Building C object src/lib/ckt/CMakeFiles/ckt.dir/cktacct.c.o
[ 17%] Building C object src/lib/ckt/CMakeFiles/ckt.dir/cktacdum.c.o
[ 17%] Building C object src/lib/ckt/CMakeFiles/ckt.dir/cktask.c.o
[ 18%] Building C object src/lib/ckt/CMakeFiles/ckt.dir/cktaskaq.c.o
[ 18%] Building C object src/lib/ckt/CMakeFiles/ckt.dir/cktasknq.c.o
[ 18%] Building C object src/lib/ckt/CMakeFiles/ckt.dir/cktbindn.c.o
[ 18%] Building C object src/lib/ckt/CMakeFiles/ckt.dir/cktbkdum.c.o
[ 18%] Building C object src/lib/ckt/CMakeFiles/ckt.dir/cktclrbk.c.o
[ 18%] Building C object src/lib/ckt/CMakeFiles/ckt.dir/cktcrte.c.o
[ 18%] Building C object src/lib/ckt/CMakeFiles/ckt.dir/cktdelt.c.o
[ 18%] Building C object src/lib/ckt/CMakeFiles/ckt.dir/cktdest.c.o
[ 19%] Building C object src/lib/ckt/CMakeFiles/ckt.dir/cktdisto.c.o
[ 19%] Building C object src/lib/ckt/CMakeFiles/ckt.dir/cktdlti.c.o
[ 19%] Building C object src/lib/ckt/CMakeFiles/ckt.dir/cktdltm.c.o
[ 19%] Building C object src/lib/ckt/CMakeFiles/ckt.dir/cktdltn.c.o
[ 19%] Building C object src/lib/ckt/CMakeFiles/ckt.dir/cktdojob.c.o
[ 19%] Building C object src/lib/ckt/CMakeFiles/ckt.dir/cktdump.c.o
[ 19%] Building C object src/lib/ckt/CMakeFiles/ckt.dir/cktfbran.c.o
[ 20%] Building C object src/lib/ckt/CMakeFiles/ckt.dir/cktfdev.c.o
[ 20%] Building C object src/lib/ckt/CMakeFiles/ckt.dir/cktfnda.c.o
[ 20%] Building C object src/lib/ckt/CMakeFiles/ckt.dir/cktfndm.c.o
[ 20%] Building C object src/lib/ckt/CMakeFiles/ckt.dir/cktfnode.c.o
[ 20%] Building C object src/lib/ckt/CMakeFiles/ckt.dir/cktftask.c.o
[ 20%] Building C object src/lib/ckt/CMakeFiles/ckt.dir/cktgrnd.c.o
[ 20%] Building C object src/lib/ckt/CMakeFiles/ckt.dir/ckti2nod.c.o
[ 20%] Building C object src/lib/ckt/CMakeFiles/ckt.dir/cktic.c.o
[ 21%] Building C object src/lib/ckt/CMakeFiles/ckt.dir/cktinit.c.o
[ 21%] Building C object src/lib/ckt/CMakeFiles/ckt.dir/cktlnkeq.c.o
[ 21%] Building C object src/lib/ckt/CMakeFiles/ckt.dir/cktload.c.o
[ 21%] Building C object src/lib/ckt/CMakeFiles/ckt.dir/cktmapn.c.o
[ 21%] Building C object src/lib/ckt/CMakeFiles/ckt.dir/cktmask.c.o
[ 21%] Building C object src/lib/ckt/CMakeFiles/ckt.dir/cktmcrt.c.o
[ 21%] Building C object src/lib/ckt/CMakeFiles/ckt.dir/cktmkcur.c.o
[ 22%] Building C object src/lib/ckt/CMakeFiles/ckt.dir/cktmknod.c.o
[ 22%] Building C object src/lib/ckt/CMakeFiles/ckt.dir/cktmkvol.c.o
[ 22%] Building C object src/lib/ckt/CMakeFiles/ckt.dir/cktmpar.c.o
[ 22%] Building C object src/lib/ckt/CMakeFiles/ckt.dir/cktnames.c.o
[ 22%] Building C object src/lib/ckt/CMakeFiles/ckt.dir/cktnewan.c.o
[ 22%] Building C object src/lib/ckt/CMakeFiles/ckt.dir/cktneweq.c.o
[ 22%] Building C object src/lib/ckt/CMakeFiles/ckt.dir/cktnewn.c.o
[ 22%] Building C object src/lib/ckt/CMakeFiles/ckt.dir/cktnodn.c.o
[ 23%] Building C object src/lib/ckt/CMakeFiles/ckt.dir/cktnoise.c.o
[ 23%] Building C object src/lib/ckt/CMakeFiles/ckt.dir/cktntask.c.o
[ 23%] Building C object src/lib/ckt/CMakeFiles/ckt.dir/cktnum2n.c.o
[ 23%] Building C object src/lib/ckt/CMakeFiles/ckt.dir/cktop.c.o
[ 23%] Building C object src/lib/ckt/CMakeFiles/ckt.dir/cktparam.c.o
[ 23%] Building C object src/lib/ckt/CMakeFiles/ckt.dir/cktpmnam.c.o
[ 23%] Building C object src/lib/ckt/CMakeFiles/ckt.dir/cktpname.c.o
[ 24%] Building C object src/lib/ckt/CMakeFiles/ckt.dir/cktpzld.c.o
[ 24%] Building C object src/lib/ckt/CMakeFiles/ckt.dir/cktpzset.c.o
[ 24%] Building C object src/lib/ckt/CMakeFiles/ckt.dir/cktpzstr.c.o
[ 24%] Building C object src/lib/ckt/CMakeFiles/ckt.dir/cktsetap.c.o
[ 24%] Building C object src/lib/ckt/CMakeFiles/ckt.dir/cktsetbk.c.o
[ 24%] Building C object src/lib/ckt/CMakeFiles/ckt.dir/cktsetnp.c.o
[ 24%] Building C object src/lib/ckt/CMakeFiles/ckt.dir/cktsetup.c.o
[ 24%] Building C object src/lib/ckt/CMakeFiles/ckt.dir/cktsgen.c.o
[ 25%] Building C object src/lib/ckt/CMakeFiles/ckt.dir/cktsopt.c.o
[ 25%] Building C object src/lib/ckt/CMakeFiles/ckt.dir/ckttemp.c.o
[ 25%] Building C object src/lib/ckt/CMakeFiles/ckt.dir/cktterr.c.o
[ 25%] Building C object src/lib/ckt/CMakeFiles/ckt.dir/ckttroub.c.o
[ 25%] Building C object src/lib/ckt/CMakeFiles/ckt.dir/ckttrunc.c.o
[ 25%] Building C object src/lib/ckt/CMakeFiles/ckt.dir/ckttyplk.c.o
[ 25%] Building C object src/lib/ckt/CMakeFiles/ckt.dir/daskq.c.o
[ 25%] Building C object src/lib/ckt/CMakeFiles/ckt.dir/dcoaskq.c.o
[ 26%] Building C object src/lib/ckt/CMakeFiles/ckt.dir/dcop.c.o
[ 26%] Building C object src/lib/ckt/CMakeFiles/ckt.dir/dcosetp.c.o
[ 26%] Building C object src/lib/ckt/CMakeFiles/ckt.dir/dctaskq.c.o
[ 26%] Building C object src/lib/ckt/CMakeFiles/ckt.dir/dctran.c.o
[ 26%] Building C object src/lib/ckt/CMakeFiles/ckt.dir/dctrcurv.c.o
[ 26%] Building C object src/lib/ckt/CMakeFiles/ckt.dir/dctsetp.c.o
[ 26%] Building C object src/lib/ckt/CMakeFiles/ckt.dir/distoan.c.o
[ 27%] Building C object src/lib/ckt/CMakeFiles/ckt.dir/dkerproc.c.o
[ 27%] Building C object src/lib/ckt/CMakeFiles/ckt.dir/dloadfns.c.o
[ 27%] Building C object src/lib/ckt/CMakeFiles/ckt.dir/dsetparm.c.o
[ 27%] Building C object src/lib/ckt/CMakeFiles/ckt.dir/naskq.c.o
[ 27%] Building C object src/lib/ckt/CMakeFiles/ckt.dir/nevalsrc.c.o
[ 27%] Building C object src/lib/ckt/CMakeFiles/ckt.dir/ninteg.c.o
[ 27%] Building C object src/lib/ckt/CMakeFiles/ckt.dir/noisean.c.o
[ 27%] Building C object src/lib/ckt/CMakeFiles/ckt.dir/nsetparm.c.o
[ 28%] Building C object src/lib/ckt/CMakeFiles/ckt.dir/pzan.c.o
[ 28%] Building C object src/lib/ckt/CMakeFiles/ckt.dir/pzaskq.c.o
[ 28%] Building C object src/lib/ckt/CMakeFiles/ckt.dir/pzsetp.c.o
[ 28%] Building C object src/lib/ckt/CMakeFiles/ckt.dir/sensaskq.c.o
[ 28%] Building C object src/lib/ckt/CMakeFiles/ckt.dir/senssetp.c.o
[ 28%] Building C object src/lib/ckt/CMakeFiles/ckt.dir/tfanal.c.o
[ 28%] Building C object src/lib/ckt/CMakeFiles/ckt.dir/tfaskq.c.o
[ 29%] Building C object src/lib/ckt/CMakeFiles/ckt.dir/tfsetp.c.o
[ 29%] Building C object src/lib/ckt/CMakeFiles/ckt.dir/tranaskq.c.o
[ 29%] Building C object src/lib/ckt/CMakeFiles/ckt.dir/traninit.c.o
[ 29%] Building C object src/lib/ckt/CMakeFiles/ckt.dir/transetp.c.o
[ 29%] Building C object src/lib/ckt/CMakeFiles/ckt.dir/cktsens.c.o
[ 29%] Linking C static library libckt.a
[ 29%] Built target ckt
Scanning dependencies of target cp
[ 29%] Building C object src/lib/cp/CMakeFiles/cp.dir/alias.c.o
[ 29%] Building C object src/lib/cp/CMakeFiles/cp.dir/backq.c.o
[ 30%] Building C object src/lib/cp/CMakeFiles/cp.dir/complete.c.o
[ 30%] Building C object src/lib/cp/CMakeFiles/cp.dir/cshpar.c.o
[ 30%] Building C object src/lib/cp/CMakeFiles/cp.dir/front.c.o
[ 30%] Building C object src/lib/cp/CMakeFiles/cp.dir/glob.c.o
[ 30%] Building C object src/lib/cp/CMakeFiles/cp.dir/history.c.o
[ 30%] Building C object src/lib/cp/CMakeFiles/cp.dir/input.c.o
[ 30%] Building C object src/lib/cp/CMakeFiles/cp.dir/lexical.c.o
[ 31%] Building C object src/lib/cp/CMakeFiles/cp.dir/modify.c.o
[ 31%] Building C object src/lib/cp/CMakeFiles/cp.dir/output.c.o
[ 31%] Building C object src/lib/cp/CMakeFiles/cp.dir/quote.c.o
[ 31%] Building C object src/lib/cp/CMakeFiles/cp.dir/spawn.c.o
[ 31%] Building C object src/lib/cp/CMakeFiles/cp.dir/std.c.o
[ 31%] Building C object src/lib/cp/CMakeFiles/cp.dir/unixcom.c.o
[ 31%] Building C object src/lib/cp/CMakeFiles/cp.dir/variable.c.o
[ 31%] Building C object src/lib/cp/CMakeFiles/cp.dir/var2.c.o
[ 32%] Building C object src/lib/cp/CMakeFiles/cp.dir/wlist.c.o
[ 32%] Building C object src/lib/cp/CMakeFiles/cp.dir/numparse.c.o
[ 32%] Linking C static library libcp.a
[ 32%] Built target cp
Scanning dependencies of target ni
[ 32%] Building C object src/lib/ni/CMakeFiles/ni.dir/niaciter.c.o
[ 32%] Building C object src/lib/ni/CMakeFiles/ni.dir/nicomcof.c.o
[ 32%] Building C object src/lib/ni/CMakeFiles/ni.dir/niconv.c.o
[ 32%] Building C object src/lib/ni/CMakeFiles/ni.dir/nidest.c.o
[ 32%] Building C object src/lib/ni/CMakeFiles/ni.dir/niditer.c.o
[ 32%] Building C object src/lib/ni/CMakeFiles/ni.dir/niinit.c.o
[ 33%] Building C object src/lib/ni/CMakeFiles/ni.dir/niinteg.c.o
[ 33%] Building C object src/lib/ni/CMakeFiles/ni.dir/niiter.c.o
[ 33%] Building C object src/lib/ni/CMakeFiles/ni.dir/niniter.c.o
[ 33%] Building C object src/lib/ni/CMakeFiles/ni.dir/nipred.c.o
[ 33%] Building C object src/lib/ni/CMakeFiles/ni.dir/nipzmeth.c.o
[ 33%] Building C object src/lib/ni/CMakeFiles/ni.dir/nireinit.c.o
[ 33%] Building C object src/lib/ni/CMakeFiles/ni.dir/nisenre.c.o
[ 34%] Linking C static library libni.a
[ 34%] Built target ni
Scanning dependencies of target disto
[ 34%] Building C object src/lib/dev/disto/CMakeFiles/disto.dir/atander.c.o
[ 35%] Building C object src/lib/dev/disto/CMakeFiles/disto.dir/cosderiv.c.o
[ 35%] Building C object src/lib/dev/disto/CMakeFiles/disto.dir/cubeder.c.o
[ 35%] Building C object src/lib/dev/disto/CMakeFiles/disto.dir/divderiv.c.o
[ 35%] Building C object src/lib/dev/disto/CMakeFiles/disto.dir/equalder.c.o
[ 35%] Building C object src/lib/dev/disto/CMakeFiles/disto.dir/expderiv.c.o
[ 35%] Building C object src/lib/dev/disto/CMakeFiles/disto.dir/invderiv.c.o
[ 35%] Building C object src/lib/dev/disto/CMakeFiles/disto.dir/multder.c.o
[ 35%] Building C object src/lib/dev/disto/CMakeFiles/disto.dir/plusder.c.o
[ 36%] Building C object src/lib/dev/disto/CMakeFiles/disto.dir/powderiv.c.o
[ 36%] Building C object src/lib/dev/disto/CMakeFiles/disto.dir/sqrtder.c.o
[ 36%] Building C object src/lib/dev/disto/CMakeFiles/disto.dir/tanderiv.c.o
[ 36%] Building C object src/lib/dev/disto/CMakeFiles/disto.dir/timesder.c.o
[ 36%] Linking C static library libdisto.a
[ 36%] Built target disto
Scanning dependencies of target asrc
[ 36%] Building C object src/lib/dev/asrc/CMakeFiles/asrc.dir/asrc.c.o
[ 36%] Building C object src/lib/dev/asrc/CMakeFiles/asrc.dir/asrcacld.c.o
[ 36%] Building C object src/lib/dev/asrc/CMakeFiles/asrc.dir/asrcask.c.o
[ 36%] Building C object src/lib/dev/asrc/CMakeFiles/asrc.dir/asrcconv.c.o
[ 36%] Building C object src/lib/dev/asrc/CMakeFiles/asrc.dir/asrcdel.c.o
[ 36%] Building C object src/lib/dev/asrc/CMakeFiles/asrc.dir/asrcdest.c.o
[ 36%] Building C object src/lib/dev/asrc/CMakeFiles/asrc.dir/asrcfbr.c.o
[ 37%] Building C object src/lib/dev/asrc/CMakeFiles/asrc.dir/asrcload.c.o
[ 37%] Building C object src/lib/dev/asrc/CMakeFiles/asrc.dir/asrcmdel.c.o
[ 37%] Building C object src/lib/dev/asrc/CMakeFiles/asrc.dir/asrcpar.c.o
[ 37%] Building C object src/lib/dev/asrc/CMakeFiles/asrc.dir/asrcpzld.c.o
[ 37%] Building C object src/lib/dev/asrc/CMakeFiles/asrc.dir/asrcset.c.o
[ 37%] Linking C static library libasrc.a
[ 37%] Built target asrc
Scanning dependencies of target bjt
[ 37%] Building C object src/lib/dev/bjt/CMakeFiles/bjt.dir/bjt.c.o
[ 37%] Building C object src/lib/dev/bjt/CMakeFiles/bjt.dir/bjtacld.c.o
[ 38%] Building C object src/lib/dev/bjt/CMakeFiles/bjt.dir/bjtask.c.o
[ 38%] Building C object src/lib/dev/bjt/CMakeFiles/bjt.dir/bjtconv.c.o
[ 38%] Building C object src/lib/dev/bjt/CMakeFiles/bjt.dir/bjtdel.c.o
[ 38%] Building C object src/lib/dev/bjt/CMakeFiles/bjt.dir/bjtdest.c.o
[ 38%] Building C object src/lib/dev/bjt/CMakeFiles/bjt.dir/bjtdisto.c.o
[ 38%] Building C object src/lib/dev/bjt/CMakeFiles/bjt.dir/bjtdset.c.o
[ 38%] Building C object src/lib/dev/bjt/CMakeFiles/bjt.dir/bjtgetic.c.o
[ 39%] Building C object src/lib/dev/bjt/CMakeFiles/bjt.dir/bjtload.c.o
[ 39%] Building C object src/lib/dev/bjt/CMakeFiles/bjt.dir/bjtmask.c.o
[ 39%] Building C object src/lib/dev/bjt/CMakeFiles/bjt.dir/bjtmdel.c.o
[ 39%] Building C object src/lib/dev/bjt/CMakeFiles/bjt.dir/bjtmpar.c.o
[ 39%] Building C object src/lib/dev/bjt/CMakeFiles/bjt.dir/bjtnoise.c.o
[ 39%] Building C object src/lib/dev/bjt/CMakeFiles/bjt.dir/bjtparam.c.o
[ 39%] Building C object src/lib/dev/bjt/CMakeFiles/bjt.dir/bjtpzld.c.o
[ 39%] Building C object src/lib/dev/bjt/CMakeFiles/bjt.dir/bjtsacl.c.o
[ 40%] Building C object src/lib/dev/bjt/CMakeFiles/bjt.dir/bjtsetup.c.o
[ 40%] Building C object src/lib/dev/bjt/CMakeFiles/bjt.dir/bjtsload.c.o
[ 40%] Building C object src/lib/dev/bjt/CMakeFiles/bjt.dir/bjtsprt.c.o
[ 40%] Building C object src/lib/dev/bjt/CMakeFiles/bjt.dir/bjtsset.c.o
[ 40%] Building C object src/lib/dev/bjt/CMakeFiles/bjt.dir/bjtsupd.c.o
[ 40%] Building C object src/lib/dev/bjt/CMakeFiles/bjt.dir/bjttemp.c.o
[ 40%] Building C object src/lib/dev/bjt/CMakeFiles/bjt.dir/bjttrunc.c.o
[ 41%] Linking C static library libbjt.a
[ 41%] Built target bjt
Scanning dependencies of target bsim1
[ 41%] Building C object src/lib/dev/bsim1/CMakeFiles/bsim1.dir/b1.c.o
[ 41%] Building C object src/lib/dev/bsim1/CMakeFiles/bsim1.dir/b1acld.c.o
[ 41%] Building C object src/lib/dev/bsim1/CMakeFiles/bsim1.dir/b1ask.c.o
[ 41%] Building C object src/lib/dev/bsim1/CMakeFiles/bsim1.dir/b1cvtest.c.o
[ 41%] Building C object src/lib/dev/bsim1/CMakeFiles/bsim1.dir/b1del.c.o
[ 41%] Building C object src/lib/dev/bsim1/CMakeFiles/bsim1.dir/b1dest.c.o
[ 41%] Building C object src/lib/dev/bsim1/CMakeFiles/bsim1.dir/b1disto.c.o
[ 42%] Building C object src/lib/dev/bsim1/CMakeFiles/bsim1.dir/b1dset.c.o
[ 42%] Building C object src/lib/dev/bsim1/CMakeFiles/bsim1.dir/b1eval.c.o
[ 42%] Building C object src/lib/dev/bsim1/CMakeFiles/bsim1.dir/b1getic.c.o
[ 42%] Building C object src/lib/dev/bsim1/CMakeFiles/bsim1.dir/b1ld.c.o
[ 42%] Building C object src/lib/dev/bsim1/CMakeFiles/bsim1.dir/b1mask.c.o
[ 42%] Building C object src/lib/dev/bsim1/CMakeFiles/bsim1.dir/b1mdel.c.o
[ 42%] Building C object src/lib/dev/bsim1/CMakeFiles/bsim1.dir/b1moscap.c.o
[ 43%] Building C object src/lib/dev/bsim1/CMakeFiles/bsim1.dir/b1mpar.c.o
[ 43%] Building C object src/lib/dev/bsim1/CMakeFiles/bsim1.dir/b1par.c.o
[ 43%] Building C object src/lib/dev/bsim1/CMakeFiles/bsim1.dir/b1pzld.c.o
[ 43%] Building C object src/lib/dev/bsim1/CMakeFiles/bsim1.dir/b1set.c.o
[ 43%] Building C object src/lib/dev/bsim1/CMakeFiles/bsim1.dir/b1temp.c.o
[ 43%] Building C object src/lib/dev/bsim1/CMakeFiles/bsim1.dir/b1trunc.c.o
[ 43%] Linking C static library libbsim1.a
[ 43%] Built target bsim1
Scanning dependencies of target bsim2
[ 43%] Building C object src/lib/dev/bsim2/CMakeFiles/bsim2.dir/b2.c.o
[ 44%] Building C object src/lib/dev/bsim2/CMakeFiles/bsim2.dir/b2acld.c.o
[ 44%] Building C object src/lib/dev/bsim2/CMakeFiles/bsim2.dir/b2ask.c.o
[ 44%] Building C object src/lib/dev/bsim2/CMakeFiles/bsim2.dir/b2cvtest.c.o
[ 44%] Building C object src/lib/dev/bsim2/CMakeFiles/bsim2.dir/b2del.c.o
[ 44%] Building C object src/lib/dev/bsim2/CMakeFiles/bsim2.dir/b2dest.c.o
[ 44%] Building C object src/lib/dev/bsim2/CMakeFiles/bsim2.dir/b2eval.c.o
[ 44%] Building C object src/lib/dev/bsim2/CMakeFiles/bsim2.dir/b2getic.c.o
[ 45%] Building C object src/lib/dev/bsim2/CMakeFiles/bsim2.dir/b2ld.c.o
[ 45%] Building C object src/lib/dev/bsim2/CMakeFiles/bsim2.dir/b2mask.c.o
[ 45%] Building C object src/lib/dev/bsim2/CMakeFiles/bsim2.dir/b2mdel.c.o
[ 45%] Building C object src/lib/dev/bsim2/CMakeFiles/bsim2.dir/b2moscap.c.o
[ 45%] Building C object src/lib/dev/bsim2/CMakeFiles/bsim2.dir/b2mpar.c.o
[ 45%] Building C object src/lib/dev/bsim2/CMakeFiles/bsim2.dir/b2par.c.o
[ 45%] Building C object src/lib/dev/bsim2/CMakeFiles/bsim2.dir/b2pzld.c.o
[ 45%] Building C object src/lib/dev/bsim2/CMakeFiles/bsim2.dir/b2set.c.o
[ 46%] Building C object src/lib/dev/bsim2/CMakeFiles/bsim2.dir/b2temp.c.o
[ 46%] Building C object src/lib/dev/bsim2/CMakeFiles/bsim2.dir/b2trunc.c.o
[ 46%] Linking C static library libbsim2.a
[ 46%] Built target bsim2
Scanning dependencies of target cap
[ 46%] Building C object src/lib/dev/cap/CMakeFiles/cap.dir/cap.c.o
[ 46%] Building C object src/lib/dev/cap/CMakeFiles/cap.dir/capacld.c.o
[ 46%] Building C object src/lib/dev/cap/CMakeFiles/cap.dir/capask.c.o
[ 46%] Building C object src/lib/dev/cap/CMakeFiles/cap.dir/capdel.c.o
[ 47%] Building C object src/lib/dev/cap/CMakeFiles/cap.dir/capdest.c.o
[ 47%] Building C object src/lib/dev/cap/CMakeFiles/cap.dir/capgetic.c.o
[ 47%] Building C object src/lib/dev/cap/CMakeFiles/cap.dir/capload.c.o
[ 47%] Building C object src/lib/dev/cap/CMakeFiles/cap.dir/capmask.c.o
[ 47%] Building C object src/lib/dev/cap/CMakeFiles/cap.dir/capmdel.c.o
[ 47%] Building C object src/lib/dev/cap/CMakeFiles/cap.dir/capmpar.c.o
[ 47%] Building C object src/lib/dev/cap/CMakeFiles/cap.dir/capparam.c.o
[ 47%] Building C object src/lib/dev/cap/CMakeFiles/cap.dir/cappzld.c.o
[ 48%] Building C object src/lib/dev/cap/CMakeFiles/cap.dir/capsacl.c.o
[ 48%] Building C object src/lib/dev/cap/CMakeFiles/cap.dir/capsetup.c.o
[ 48%] Building C object src/lib/dev/cap/CMakeFiles/cap.dir/capsload.c.o
[ 48%] Building C object src/lib/dev/cap/CMakeFiles/cap.dir/capsprt.c.o
[ 48%] Building C object src/lib/dev/cap/CMakeFiles/cap.dir/capsset.c.o
[ 48%] Building C object src/lib/dev/cap/CMakeFiles/cap.dir/capsupd.c.o
[ 48%] Building C object src/lib/dev/cap/CMakeFiles/cap.dir/captemp.c.o
[ 48%] Building C object src/lib/dev/cap/CMakeFiles/cap.dir/captrunc.c.o
[ 49%] Linking C static library libcap.a
[ 49%] Built target cap
Scanning dependencies of target cccs
[ 49%] Building C object src/lib/dev/cccs/CMakeFiles/cccs.dir/cccs.c.o
[ 49%] Building C object src/lib/dev/cccs/CMakeFiles/cccs.dir/cccsask.c.o
[ 49%] Building C object src/lib/dev/cccs/CMakeFiles/cccs.dir/cccsdel.c.o
[ 49%] Building C object src/lib/dev/cccs/CMakeFiles/cccs.dir/cccsdest.c.o
[ 49%] Building C object src/lib/dev/cccs/CMakeFiles/cccs.dir/cccsload.c.o
[ 49%] Building C object src/lib/dev/cccs/CMakeFiles/cccs.dir/cccsmdel.c.o
[ 50%] Building C object src/lib/dev/cccs/CMakeFiles/cccs.dir/cccspar.c.o
[ 50%] Building C object src/lib/dev/cccs/CMakeFiles/cccs.dir/cccspzld.c.o
[ 50%] Building C object src/lib/dev/cccs/CMakeFiles/cccs.dir/cccssacl.c.o
[ 50%] Building C object src/lib/dev/cccs/CMakeFiles/cccs.dir/cccsset.c.o
[ 50%] Building C object src/lib/dev/cccs/CMakeFiles/cccs.dir/cccssld.c.o
[ 50%] Building C object src/lib/dev/cccs/CMakeFiles/cccs.dir/cccssprt.c.o
[ 50%] Building C object src/lib/dev/cccs/CMakeFiles/cccs.dir/cccssset.c.o
[ 50%] Linking C static library libcccs.a
[ 50%] Built target cccs
Scanning dependencies of target ccvs
[ 51%] Building C object src/lib/dev/ccvs/CMakeFiles/ccvs.dir/ccvs.c.o
[ 51%] Building C object src/lib/dev/ccvs/CMakeFiles/ccvs.dir/ccvsask.c.o
[ 51%] Building C object src/lib/dev/ccvs/CMakeFiles/ccvs.dir/ccvsdel.c.o
[ 51%] Building C object src/lib/dev/ccvs/CMakeFiles/ccvs.dir/ccvsdest.c.o
[ 51%] Building C object src/lib/dev/ccvs/CMakeFiles/ccvs.dir/ccvsfbr.c.o
[ 51%] Building C object src/lib/dev/ccvs/CMakeFiles/ccvs.dir/ccvsload.c.o
[ 51%] Building C object src/lib/dev/ccvs/CMakeFiles/ccvs.dir/ccvsmdel.c.o
[ 52%] Building C object src/lib/dev/ccvs/CMakeFiles/ccvs.dir/ccvspar.c.o
[ 52%] Building C object src/lib/dev/ccvs/CMakeFiles/ccvs.dir/ccvspzld.c.o
[ 52%] Building C object src/lib/dev/ccvs/CMakeFiles/ccvs.dir/ccvssacl.c.o
[ 52%] Building C object src/lib/dev/ccvs/CMakeFiles/ccvs.dir/ccvsset.c.o
[ 52%] Building C object src/lib/dev/ccvs/CMakeFiles/ccvs.dir/ccvssld.c.o
[ 52%] Building C object src/lib/dev/ccvs/CMakeFiles/ccvs.dir/ccvssprt.c.o
[ 52%] Building C object src/lib/dev/ccvs/CMakeFiles/ccvs.dir/ccvssset.c.o
[ 52%] Linking C static library libccvs.a
[ 52%] Built target ccvs
Scanning dependencies of target csw
[ 52%] Building C object src/lib/dev/csw/CMakeFiles/csw.dir/csw.c.o
[ 52%] Building C object src/lib/dev/csw/CMakeFiles/csw.dir/cswacld.c.o
[ 52%] Building C object src/lib/dev/csw/CMakeFiles/csw.dir/cswask.c.o
[ 52%] Building C object src/lib/dev/csw/CMakeFiles/csw.dir/cswdel.c.o
[ 53%] Building C object src/lib/dev/csw/CMakeFiles/csw.dir/cswdest.c.o
[ 53%] Building C object src/lib/dev/csw/CMakeFiles/csw.dir/cswload.c.o
[ 53%] Building C object src/lib/dev/csw/CMakeFiles/csw.dir/cswmask.c.o
[ 53%] Building C object src/lib/dev/csw/CMakeFiles/csw.dir/cswmdel.c.o
[ 53%] Building C object src/lib/dev/csw/CMakeFiles/csw.dir/cswmpar.c.o
[ 53%] Building C object src/lib/dev/csw/CMakeFiles/csw.dir/cswnoise.c.o
[ 53%] Building C object src/lib/dev/csw/CMakeFiles/csw.dir/cswparam.c.o
[ 53%] Building C object src/lib/dev/csw/CMakeFiles/csw.dir/cswpzld.c.o
[ 54%] Building C object src/lib/dev/csw/CMakeFiles/csw.dir/cswsetup.c.o
[ 54%] Linking C static library libcsw.a
[ 54%] Built target csw
Scanning dependencies of target dio
[ 54%] Building C object src/lib/dev/dio/CMakeFiles/dio.dir/dio.c.o
[ 54%] Building C object src/lib/dev/dio/CMakeFiles/dio.dir/dioacld.c.o
[ 54%] Building C object src/lib/dev/dio/CMakeFiles/dio.dir/dioask.c.o
[ 55%] Building C object src/lib/dev/dio/CMakeFiles/dio.dir/dioconv.c.o
[ 55%] Building C object src/lib/dev/dio/CMakeFiles/dio.dir/diodel.c.o
[ 55%] Building C object src/lib/dev/dio/CMakeFiles/dio.dir/diodest.c.o
[ 55%] Building C object src/lib/dev/dio/CMakeFiles/dio.dir/diodisto.c.o
[ 55%] Building C object src/lib/dev/dio/CMakeFiles/dio.dir/diodset.c.o
[ 55%] Building C object src/lib/dev/dio/CMakeFiles/dio.dir/diogetic.c.o
[ 55%] Building C object src/lib/dev/dio/CMakeFiles/dio.dir/dioload.c.o
[ 55%] Building C object src/lib/dev/dio/CMakeFiles/dio.dir/diomask.c.o
[ 56%] Building C object src/lib/dev/dio/CMakeFiles/dio.dir/diomdel.c.o
[ 56%] Building C object src/lib/dev/dio/CMakeFiles/dio.dir/diompar.c.o
[ 56%] Building C object src/lib/dev/dio/CMakeFiles/dio.dir/dionoise.c.o
[ 56%] Building C object src/lib/dev/dio/CMakeFiles/dio.dir/dioparam.c.o
[ 56%] Building C object src/lib/dev/dio/CMakeFiles/dio.dir/diopzld.c.o
[ 56%] Building C object src/lib/dev/dio/CMakeFiles/dio.dir/diosacl.c.o
[ 56%] Building C object src/lib/dev/dio/CMakeFiles/dio.dir/diosetup.c.o
[ 57%] Building C object src/lib/dev/dio/CMakeFiles/dio.dir/diosload.c.o
[ 57%] Building C object src/lib/dev/dio/CMakeFiles/dio.dir/diosprt.c.o
[ 57%] Building C object src/lib/dev/dio/CMakeFiles/dio.dir/diosset.c.o
[ 57%] Building C object src/lib/dev/dio/CMakeFiles/dio.dir/diosupd.c.o
[ 57%] Building C object src/lib/dev/dio/CMakeFiles/dio.dir/diotemp.c.o
[ 57%] Building C object src/lib/dev/dio/CMakeFiles/dio.dir/diotrunc.c.o
[ 57%] Linking C static library libdio.a
[ 57%] Built target dio
Scanning dependencies of target ind
[ 58%] Building C object src/lib/dev/ind/CMakeFiles/ind.dir/ind.c.o
[ 58%] Building C object src/lib/dev/ind/CMakeFiles/ind.dir/indacld.c.o
[ 58%] Building C object src/lib/dev/ind/CMakeFiles/ind.dir/indask.c.o
[ 58%] Building C object src/lib/dev/ind/CMakeFiles/ind.dir/inddel.c.o
[ 58%] Building C object src/lib/dev/ind/CMakeFiles/ind.dir/inddest.c.o
[ 58%] Building C object src/lib/dev/ind/CMakeFiles/ind.dir/indload.c.o
[ 58%] Building C object src/lib/dev/ind/CMakeFiles/ind.dir/indmdel.c.o
[ 59%] Building C object src/lib/dev/ind/CMakeFiles/ind.dir/indparam.c.o
[ 59%] Building C object src/lib/dev/ind/CMakeFiles/ind.dir/indpzld.c.o
[ 59%] Building C object src/lib/dev/ind/CMakeFiles/ind.dir/indsacl.c.o
[ 59%] Building C object src/lib/dev/ind/CMakeFiles/ind.dir/indsetup.c.o
[ 59%] Building C object src/lib/dev/ind/CMakeFiles/ind.dir/indsload.c.o
[ 59%] Building C object src/lib/dev/ind/CMakeFiles/ind.dir/indsprt.c.o
[ 59%] Building C object src/lib/dev/ind/CMakeFiles/ind.dir/indsset.c.o
[ 59%] Building C object src/lib/dev/ind/CMakeFiles/ind.dir/indsupd.c.o
[ 60%] Building C object src/lib/dev/ind/CMakeFiles/ind.dir/indtrunc.c.o
[ 60%] Building C object src/lib/dev/ind/CMakeFiles/ind.dir/mutacld.c.o
[ 60%] Building C object src/lib/dev/ind/CMakeFiles/ind.dir/mutask.c.o
[ 60%] Building C object src/lib/dev/ind/CMakeFiles/ind.dir/mutdel.c.o
[ 60%] Building C object src/lib/dev/ind/CMakeFiles/ind.dir/mutdest.c.o
[ 60%] Building C object src/lib/dev/ind/CMakeFiles/ind.dir/mutmdel.c.o
[ 60%] Building C object src/lib/dev/ind/CMakeFiles/ind.dir/mutparam.c.o
[ 60%] Building C object src/lib/dev/ind/CMakeFiles/ind.dir/mutpzld.c.o
[ 61%] Building C object src/lib/dev/ind/CMakeFiles/ind.dir/mutsetup.c.o
[ 61%] Building C object src/lib/dev/ind/CMakeFiles/ind.dir/mutsprt.c.o
[ 61%] Building C object src/lib/dev/ind/CMakeFiles/ind.dir/mutsset.c.o
[ 61%] Linking C static library libind.a
[ 61%] Built target ind
Scanning dependencies of target isrc
[ 61%] Building C object src/lib/dev/isrc/CMakeFiles/isrc.dir/isrc.c.o
[ 61%] Building C object src/lib/dev/isrc/CMakeFiles/isrc.dir/isrcacct.c.o
[ 61%] Building C object src/lib/dev/isrc/CMakeFiles/isrc.dir/isrcacld.c.o
[ 62%] Building C object src/lib/dev/isrc/CMakeFiles/isrc.dir/isrcask.c.o
[ 62%] Building C object src/lib/dev/isrc/CMakeFiles/isrc.dir/isrcdel.c.o
[ 62%] Building C object src/lib/dev/isrc/CMakeFiles/isrc.dir/isrcdest.c.o
[ 62%] Building C object src/lib/dev/isrc/CMakeFiles/isrc.dir/isrcload.c.o
[ 62%] Building C object src/lib/dev/isrc/CMakeFiles/isrc.dir/isrcmdel.c.o
[ 62%] Building C object src/lib/dev/isrc/CMakeFiles/isrc.dir/isrcpar.c.o
[ 62%] Building C object src/lib/dev/isrc/CMakeFiles/isrc.dir/isrctemp.c.o
[ 63%] Linking C static library libisrc.a
[ 63%] Built target isrc
Scanning dependencies of target jfet
[ 63%] Building C object src/lib/dev/jfet/CMakeFiles/jfet.dir/jfet.c.o
[ 63%] Building C object src/lib/dev/jfet/CMakeFiles/jfet.dir/jfetacld.c.o
[ 63%] Building C object src/lib/dev/jfet/CMakeFiles/jfet.dir/jfetask.c.o
[ 63%] Building C object src/lib/dev/jfet/CMakeFiles/jfet.dir/jfetdel.c.o
[ 63%] Building C object src/lib/dev/jfet/CMakeFiles/jfet.dir/jfetdest.c.o
[ 63%] Building C object src/lib/dev/jfet/CMakeFiles/jfet.dir/jfetdist.c.o
[ 63%] Building C object src/lib/dev/jfet/CMakeFiles/jfet.dir/jfetdset.c.o
[ 64%] Building C object src/lib/dev/jfet/CMakeFiles/jfet.dir/jfetic.c.o
[ 64%] Building C object src/lib/dev/jfet/CMakeFiles/jfet.dir/jfetload.c.o
[ 64%] Building C object src/lib/dev/jfet/CMakeFiles/jfet.dir/jfetmask.c.o
[ 64%] Building C object src/lib/dev/jfet/CMakeFiles/jfet.dir/jfetmdel.c.o
[ 64%] Building C object src/lib/dev/jfet/CMakeFiles/jfet.dir/jfetmpar.c.o
[ 64%] Building C object src/lib/dev/jfet/CMakeFiles/jfet.dir/jfetnoi.c.o
[ 64%] Building C object src/lib/dev/jfet/CMakeFiles/jfet.dir/jfetpar.c.o
[ 64%] Building C object src/lib/dev/jfet/CMakeFiles/jfet.dir/jfetpzld.c.o
[ 65%] Building C object src/lib/dev/jfet/CMakeFiles/jfet.dir/jfetset.c.o
[ 65%] Building C object src/lib/dev/jfet/CMakeFiles/jfet.dir/jfettemp.c.o
[ 65%] Building C object src/lib/dev/jfet/CMakeFiles/jfet.dir/jfettrun.c.o
[ 65%] Building C object src/lib/dev/jfet/CMakeFiles/jfet.dir/__/devsup.c.o
[ 65%] Linking C static library libjfet.a
[ 65%] Built target jfet
Scanning dependencies of target ltra
[ 65%] Building C object src/lib/dev/ltra/CMakeFiles/ltra.dir/ltra.c.o
[ 65%] Building C object src/lib/dev/ltra/CMakeFiles/ltra.dir/ltraacct.c.o
[ 66%] Building C object src/lib/dev/ltra/CMakeFiles/ltra.dir/ltraacld.c.o
[ 66%] Building C object src/lib/dev/ltra/CMakeFiles/ltra.dir/ltraask.c.o
[ 66%] Building C object src/lib/dev/ltra/CMakeFiles/ltra.dir/ltradel.c.o
[ 66%] Building C object src/lib/dev/ltra/CMakeFiles/ltra.dir/ltradest.c.o
[ 66%] Building C object src/lib/dev/ltra/CMakeFiles/ltra.dir/ltraload.c.o
[ 66%] Building C object src/lib/dev/ltra/CMakeFiles/ltra.dir/ltramdel.c.o
[ 66%] Building C object src/lib/dev/ltra/CMakeFiles/ltra.dir/ltramisc.c.o
[ 66%] Building C object src/lib/dev/ltra/CMakeFiles/ltra.dir/ltrampar.c.o
[ 67%] Building C object src/lib/dev/ltra/CMakeFiles/ltra.dir/ltrapar.c.o
[ 67%] Building C object src/lib/dev/ltra/CMakeFiles/ltra.dir/ltraset.c.o
[ 67%] Building C object src/lib/dev/ltra/CMakeFiles/ltra.dir/ltratemp.c.o
[ 67%] Building C object src/lib/dev/ltra/CMakeFiles/ltra.dir/ltratrun.c.o
[ 67%] Building C object src/lib/dev/ltra/CMakeFiles/ltra.dir/ltramask.c.o
[ 67%] Linking C static library libltra.a
[ 67%] Built target ltra
Scanning dependencies of target mes
[ 67%] Building C object src/lib/dev/mes/CMakeFiles/mes.dir/mes.c.o
[ 67%] Building C object src/lib/dev/mes/CMakeFiles/mes.dir/mesacl.c.o
[ 67%] Building C object src/lib/dev/mes/CMakeFiles/mes.dir/mesask.c.o
[ 67%] Building C object src/lib/dev/mes/CMakeFiles/mes.dir/mesdel.c.o
[ 67%] Building C object src/lib/dev/mes/CMakeFiles/mes.dir/mesdest.c.o
[ 67%] Building C object src/lib/dev/mes/CMakeFiles/mes.dir/mesdisto.c.o
[ 67%] Building C object src/lib/dev/mes/CMakeFiles/mes.dir/mesdset.c.o
[ 68%] Building C object src/lib/dev/mes/CMakeFiles/mes.dir/mesgetic.c.o
[ 68%] Building C object src/lib/dev/mes/CMakeFiles/mes.dir/mesload.c.o
[ 68%] Building C object src/lib/dev/mes/CMakeFiles/mes.dir/mesmask.c.o
[ 68%] Building C object src/lib/dev/mes/CMakeFiles/mes.dir/mesmdel.c.o
[ 68%] Building C object src/lib/dev/mes/CMakeFiles/mes.dir/mesmpar.c.o
[ 68%] Building C object src/lib/dev/mes/CMakeFiles/mes.dir/mesnoise.c.o
[ 68%] Building C object src/lib/dev/mes/CMakeFiles/mes.dir/mesparam.c.o
[ 69%] Building C object src/lib/dev/mes/CMakeFiles/mes.dir/mespzld.c.o
[ 69%] Building C object src/lib/dev/mes/CMakeFiles/mes.dir/messetup.c.o
[ 69%] Building C object src/lib/dev/mes/CMakeFiles/mes.dir/mestemp.c.o
[ 69%] Building C object src/lib/dev/mes/CMakeFiles/mes.dir/mestrunc.c.o
[ 69%] Linking C static library libmes.a
[ 69%] Built target mes
Scanning dependencies of target mos1
[ 69%] Building C object src/lib/dev/mos1/CMakeFiles/mos1.dir/mos1.c.o
[ 69%] Building C object src/lib/dev/mos1/CMakeFiles/mos1.dir/mos1acld.c.o
[ 69%] Building C object src/lib/dev/mos1/CMakeFiles/mos1.dir/mos1ask.c.o
[ 70%] Building C object src/lib/dev/mos1/CMakeFiles/mos1.dir/mos1conv.c.o
[ 70%] Building C object src/lib/dev/mos1/CMakeFiles/mos1.dir/mos1del.c.o
[ 70%] Building C object src/lib/dev/mos1/CMakeFiles/mos1.dir/mos1dest.c.o
[ 70%] Building C object src/lib/dev/mos1/CMakeFiles/mos1.dir/mos1dist.c.o
[ 70%] Building C object src/lib/dev/mos1/CMakeFiles/mos1.dir/mos1dset.c.o
[ 70%] Building C object src/lib/dev/mos1/CMakeFiles/mos1.dir/mos1ic.c.o
[ 70%] Building C object src/lib/dev/mos1/CMakeFiles/mos1.dir/mos1load.c.o
[ 70%] Building C object src/lib/dev/mos1/CMakeFiles/mos1.dir/mos1mask.c.o
[ 71%] Building C object src/lib/dev/mos1/CMakeFiles/mos1.dir/mos1mdel.c.o
[ 71%] Building C object src/lib/dev/mos1/CMakeFiles/mos1.dir/mos1mpar.c.o
[ 71%] Building C object src/lib/dev/mos1/CMakeFiles/mos1.dir/mos1noi.c.o
[ 71%] Building C object src/lib/dev/mos1/CMakeFiles/mos1.dir/mos1par.c.o
[ 71%] Building C object src/lib/dev/mos1/CMakeFiles/mos1.dir/mos1pzld.c.o
[ 71%] Building C object src/lib/dev/mos1/CMakeFiles/mos1.dir/mos1sacl.c.o
[ 71%] Building C object src/lib/dev/mos1/CMakeFiles/mos1.dir/mos1set.c.o
[ 72%] Building C object src/lib/dev/mos1/CMakeFiles/mos1.dir/mos1sld.c.o
[ 72%] Building C object src/lib/dev/mos1/CMakeFiles/mos1.dir/mos1sprt.c.o
[ 72%] Building C object src/lib/dev/mos1/CMakeFiles/mos1.dir/mos1sset.c.o
[ 72%] Building C object src/lib/dev/mos1/CMakeFiles/mos1.dir/mos1supd.c.o
[ 72%] Building C object src/lib/dev/mos1/CMakeFiles/mos1.dir/mos1temp.c.o
[ 72%] Building C object src/lib/dev/mos1/CMakeFiles/mos1.dir/mos1trun.c.o
[ 72%] Linking C static library libmos1.a
[ 72%] Built target mos1
Scanning dependencies of target mos2
[ 72%] Building C object src/lib/dev/mos2/CMakeFiles/mos2.dir/mos2.c.o
[ 73%] Building C object src/lib/dev/mos2/CMakeFiles/mos2.dir/mos2acld.c.o
[ 73%] Building C object src/lib/dev/mos2/CMakeFiles/mos2.dir/mos2ask.c.o
[ 73%] Building C object src/lib/dev/mos2/CMakeFiles/mos2.dir/mos2conv.c.o
[ 73%] Building C object src/lib/dev/mos2/CMakeFiles/mos2.dir/mos2del.c.o
[ 73%] Building C object src/lib/dev/mos2/CMakeFiles/mos2.dir/mos2dest.c.o
[ 73%] Building C object src/lib/dev/mos2/CMakeFiles/mos2.dir/mos2dist.c.o
[ 73%] Building C object src/lib/dev/mos2/CMakeFiles/mos2.dir/mos2dset.c.o
[ 73%] Building C object src/lib/dev/mos2/CMakeFiles/mos2.dir/mos2ic.c.o
[ 74%] Building C object src/lib/dev/mos2/CMakeFiles/mos2.dir/mos2load.c.o
[ 74%] Building C object src/lib/dev/mos2/CMakeFiles/mos2.dir/mos2mdel.c.o
[ 74%] Building C object src/lib/dev/mos2/CMakeFiles/mos2.dir/mos2mpar.c.o
[ 74%] Building C object src/lib/dev/mos2/CMakeFiles/mos2.dir/mos2noi.c.o
[ 74%] Building C object src/lib/dev/mos2/CMakeFiles/mos2.dir/mos2par.c.o
[ 74%] Building C object src/lib/dev/mos2/CMakeFiles/mos2.dir/mos2pzld.c.o
[ 74%] Building C object src/lib/dev/mos2/CMakeFiles/mos2.dir/mos2sacl.c.o
[ 75%] Building C object src/lib/dev/mos2/CMakeFiles/mos2.dir/mos2set.c.o
[ 75%] Building C object src/lib/dev/mos2/CMakeFiles/mos2.dir/mos2sld.c.o
[ 75%] Building C object src/lib/dev/mos2/CMakeFiles/mos2.dir/mos2sprt.c.o
[ 75%] Building C object src/lib/dev/mos2/CMakeFiles/mos2.dir/mos2sset.c.o
[ 75%] Building C object src/lib/dev/mos2/CMakeFiles/mos2.dir/mos2supd.c.o
[ 75%] Building C object src/lib/dev/mos2/CMakeFiles/mos2.dir/mos2temp.c.o
[ 75%] Building C object src/lib/dev/mos2/CMakeFiles/mos2.dir/mos2trun.c.o
[ 75%] Building C object src/lib/dev/mos2/CMakeFiles/mos2.dir/mos2mask.c.o
[ 76%] Linking C static library libmos2.a
[ 76%] Built target mos2
Scanning dependencies of target mos3
[ 76%] Building C object src/lib/dev/mos3/CMakeFiles/mos3.dir/mos3.c.o
[ 76%] Building C object src/lib/dev/mos3/CMakeFiles/mos3.dir/mos3acld.c.o
[ 76%] Building C object src/lib/dev/mos3/CMakeFiles/mos3.dir/mos3ask.c.o
[ 76%] Building C object src/lib/dev/mos3/CMakeFiles/mos3.dir/mos3conv.c.o
[ 76%] Building C object src/lib/dev/mos3/CMakeFiles/mos3.dir/mos3del.c.o
[ 76%] Building C object src/lib/dev/mos3/CMakeFiles/mos3.dir/mos3dest.c.o
[ 77%] Building C object src/lib/dev/mos3/CMakeFiles/mos3.dir/mos3dist.c.o
[ 77%] Building C object src/lib/dev/mos3/CMakeFiles/mos3.dir/mos3dset.c.o
[ 77%] Building C object src/lib/dev/mos3/CMakeFiles/mos3.dir/mos3ic.c.o
[ 77%] Building C object src/lib/dev/mos3/CMakeFiles/mos3.dir/mos3load.c.o
[ 77%] Building C object src/lib/dev/mos3/CMakeFiles/mos3.dir/mos3mask.c.o
[ 77%] Building C object src/lib/dev/mos3/CMakeFiles/mos3.dir/mos3mdel.c.o
[ 77%] Building C object src/lib/dev/mos3/CMakeFiles/mos3.dir/mos3mpar.c.o
[ 77%] Building C object src/lib/dev/mos3/CMakeFiles/mos3.dir/mos3noi.c.o
[ 78%] Building C object src/lib/dev/mos3/CMakeFiles/mos3.dir/mos3par.c.o
[ 78%] Building C object src/lib/dev/mos3/CMakeFiles/mos3.dir/mos3pzld.c.o
[ 78%] Building C object src/lib/dev/mos3/CMakeFiles/mos3.dir/mos3sacl.c.o
[ 78%] Building C object src/lib/dev/mos3/CMakeFiles/mos3.dir/mos3set.c.o
[ 78%] Building C object src/lib/dev/mos3/CMakeFiles/mos3.dir/mos3sld.c.o
[ 78%] Building C object src/lib/dev/mos3/CMakeFiles/mos3.dir/mos3sprt.c.o
[ 78%] Building C object src/lib/dev/mos3/CMakeFiles/mos3.dir/mos3sset.c.o
[ 79%] Building C object src/lib/dev/mos3/CMakeFiles/mos3.dir/mos3supd.c.o
[ 79%] Building C object src/lib/dev/mos3/CMakeFiles/mos3.dir/mos3temp.c.o
[ 79%] Building C object src/lib/dev/mos3/CMakeFiles/mos3.dir/mos3trun.c.o
[ 79%] Linking C static library libmos3.a
[ 79%] Built target mos3
Scanning dependencies of target mos6
[ 79%] Building C object src/lib/dev/mos6/CMakeFiles/mos6.dir/mos6.c.o
[ 79%] Building C object src/lib/dev/mos6/CMakeFiles/mos6.dir/mos6ask.c.o
[ 79%] Building C object src/lib/dev/mos6/CMakeFiles/mos6.dir/mos6conv.c.o
[ 79%] Building C object src/lib/dev/mos6/CMakeFiles/mos6.dir/mos6dest.c.o
[ 80%] Building C object src/lib/dev/mos6/CMakeFiles/mos6.dir/mos6ic.c.o
[ 80%] Building C object src/lib/dev/mos6/CMakeFiles/mos6.dir/mos6load.c.o
[ 80%] Building C object src/lib/dev/mos6/CMakeFiles/mos6.dir/mos6mpar.c.o
[ 80%] Building C object src/lib/dev/mos6/CMakeFiles/mos6.dir/mos6par.c.o
[ 80%] Building C object src/lib/dev/mos6/CMakeFiles/mos6.dir/mos6set.c.o
[ 80%] Building C object src/lib/dev/mos6/CMakeFiles/mos6.dir/mos6temp.c.o
[ 80%] Building C object src/lib/dev/mos6/CMakeFiles/mos6.dir/mos6trun.c.o
[ 81%] Building C object src/lib/dev/mos6/CMakeFiles/mos6.dir/mos6mask.c.o
[ 81%] Linking C static library libmos6.a
[ 81%] Built target mos6
Scanning dependencies of target res
[ 81%] Building C object src/lib/dev/res/CMakeFiles/res.dir/res.c.o
[ 81%] Building C object src/lib/dev/res/CMakeFiles/res.dir/resask.c.o
[ 81%] Building C object src/lib/dev/res/CMakeFiles/res.dir/resdel.c.o
[ 81%] Building C object src/lib/dev/res/CMakeFiles/res.dir/resdest.c.o
[ 81%] Building C object src/lib/dev/res/CMakeFiles/res.dir/resload.c.o
[ 81%] Building C object src/lib/dev/res/CMakeFiles/res.dir/resmask.c.o
[ 81%] Building C object src/lib/dev/res/CMakeFiles/res.dir/resmdel.c.o
[ 82%] Building C object src/lib/dev/res/CMakeFiles/res.dir/resmpar.c.o
[ 82%] Building C object src/lib/dev/res/CMakeFiles/res.dir/resnoise.c.o
[ 82%] Building C object src/lib/dev/res/CMakeFiles/res.dir/resparam.c.o
[ 82%] Building C object src/lib/dev/res/CMakeFiles/res.dir/respzld.c.o
[ 82%] Building C object src/lib/dev/res/CMakeFiles/res.dir/ressacl.c.o
[ 82%] Building C object src/lib/dev/res/CMakeFiles/res.dir/ressetup.c.o
[ 82%] Building C object src/lib/dev/res/CMakeFiles/res.dir/ressload.c.o
[ 83%] Building C object src/lib/dev/res/CMakeFiles/res.dir/ressprt.c.o
[ 83%] Building C object src/lib/dev/res/CMakeFiles/res.dir/ressset.c.o
[ 83%] Building C object src/lib/dev/res/CMakeFiles/res.dir/restemp.c.o
[ 83%] Linking C static library libres.a
[ 83%] Built target res
Scanning dependencies of target sw
[ 83%] Building C object src/lib/dev/sw/CMakeFiles/sw.dir/sw.c.o
[ 83%] Building C object src/lib/dev/sw/CMakeFiles/sw.dir/swacload.c.o
[ 83%] Building C object src/lib/dev/sw/CMakeFiles/sw.dir/swask.c.o
[ 83%] Building C object src/lib/dev/sw/CMakeFiles/sw.dir/swdelete.c.o
[ 83%] Building C object src/lib/dev/sw/CMakeFiles/sw.dir/swdest.c.o
[ 84%] Building C object src/lib/dev/sw/CMakeFiles/sw.dir/swload.c.o
[ 84%] Building C object src/lib/dev/sw/CMakeFiles/sw.dir/swmask.c.o
[ 84%] Building C object src/lib/dev/sw/CMakeFiles/sw.dir/swmdel.c.o
[ 84%] Building C object src/lib/dev/sw/CMakeFiles/sw.dir/swmparam.c.o
[ 84%] Building C object src/lib/dev/sw/CMakeFiles/sw.dir/swnoise.c.o
[ 84%] Building C object src/lib/dev/sw/CMakeFiles/sw.dir/swparam.c.o
[ 84%] Building C object src/lib/dev/sw/CMakeFiles/sw.dir/swpzload.c.o
[ 84%] Building C object src/lib/dev/sw/CMakeFiles/sw.dir/swsetup.c.o
[ 85%] Linking C static library libsw.a
[ 85%] Built target sw
Scanning dependencies of target tra
[ 85%] Building C object src/lib/dev/tra/CMakeFiles/tra.dir/tra.c.o
[ 85%] Building C object src/lib/dev/tra/CMakeFiles/tra.dir/traacct.c.o
[ 85%] Building C object src/lib/dev/tra/CMakeFiles/tra.dir/traacld.c.o
[ 85%] Building C object src/lib/dev/tra/CMakeFiles/tra.dir/traask.c.o
[ 85%] Building C object src/lib/dev/tra/CMakeFiles/tra.dir/tradel.c.o
[ 85%] Building C object src/lib/dev/tra/CMakeFiles/tra.dir/tradest.c.o
[ 86%] Building C object src/lib/dev/tra/CMakeFiles/tra.dir/traload.c.o
[ 86%] Building C object src/lib/dev/tra/CMakeFiles/tra.dir/tramdel.c.o
[ 86%] Building C object src/lib/dev/tra/CMakeFiles/tra.dir/traparam.c.o
[ 86%] Building C object src/lib/dev/tra/CMakeFiles/tra.dir/trasetup.c.o
[ 86%] Building C object src/lib/dev/tra/CMakeFiles/tra.dir/tratemp.c.o
[ 86%] Building C object src/lib/dev/tra/CMakeFiles/tra.dir/tratrunc.c.o
[ 86%] Linking C static library libtra.a
[ 86%] Built target tra
Scanning dependencies of target urc
[ 86%] Building C object src/lib/dev/urc/CMakeFiles/urc.dir/urc.c.o
[ 87%] Building C object src/lib/dev/urc/CMakeFiles/urc.dir/urcask.c.o
[ 87%] Building C object src/lib/dev/urc/CMakeFiles/urc.dir/urcdel.c.o
[ 87%] Building C object src/lib/dev/urc/CMakeFiles/urc.dir/urcdest.c.o
[ 87%] Building C object src/lib/dev/urc/CMakeFiles/urc.dir/urcmask.c.o
[ 87%] Building C object src/lib/dev/urc/CMakeFiles/urc.dir/urcmdel.c.o
[ 87%] Building C object src/lib/dev/urc/CMakeFiles/urc.dir/urcmpar.c.o
[ 87%] Building C object src/lib/dev/urc/CMakeFiles/urc.dir/urcparam.c.o
[ 88%] Building C object src/lib/dev/urc/CMakeFiles/urc.dir/urcsetup.c.o
[ 88%] Linking C static library liburc.a
[ 88%] Built target urc
Scanning dependencies of target vccs
[ 88%] Building C object src/lib/dev/vccs/CMakeFiles/vccs.dir/vccs.c.o
[ 88%] Building C object src/lib/dev/vccs/CMakeFiles/vccs.dir/vccsask.c.o
[ 88%] Building C object src/lib/dev/vccs/CMakeFiles/vccs.dir/vccsdel.c.o
[ 88%] Building C object src/lib/dev/vccs/CMakeFiles/vccs.dir/vccsdest.c.o
[ 88%] Building C object src/lib/dev/vccs/CMakeFiles/vccs.dir/vccsload.c.o
[ 88%] Building C object src/lib/dev/vccs/CMakeFiles/vccs.dir/vccsmdel.c.o
[ 89%] Building C object src/lib/dev/vccs/CMakeFiles/vccs.dir/vccspar.c.o
[ 89%] Building C object src/lib/dev/vccs/CMakeFiles/vccs.dir/vccspzld.c.o
[ 89%] Building C object src/lib/dev/vccs/CMakeFiles/vccs.dir/vccssacl.c.o
[ 89%] Building C object src/lib/dev/vccs/CMakeFiles/vccs.dir/vccsset.c.o
[ 89%] Building C object src/lib/dev/vccs/CMakeFiles/vccs.dir/vccssld.c.o
[ 89%] Building C object src/lib/dev/vccs/CMakeFiles/vccs.dir/vccssprt.c.o
[ 89%] Building C object src/lib/dev/vccs/CMakeFiles/vccs.dir/vccssset.c.o
[ 90%] Linking C static library libvccs.a
[ 90%] Built target vccs
Scanning dependencies of target vcvs
[ 90%] Building C object src/lib/dev/vcvs/CMakeFiles/vcvs.dir/vcvs.c.o
[ 90%] Building C object src/lib/dev/vcvs/CMakeFiles/vcvs.dir/vcvsask.c.o
[ 90%] Building C object src/lib/dev/vcvs/CMakeFiles/vcvs.dir/vcvsdel.c.o
[ 90%] Building C object src/lib/dev/vcvs/CMakeFiles/vcvs.dir/vcvsdest.c.o
[ 90%] Building C object src/lib/dev/vcvs/CMakeFiles/vcvs.dir/vcvsfbr.c.o
[ 90%] Building C object src/lib/dev/vcvs/CMakeFiles/vcvs.dir/vcvsload.c.o
[ 90%] Building C object src/lib/dev/vcvs/CMakeFiles/vcvs.dir/vcvsmdel.c.o
[ 91%] Building C object src/lib/dev/vcvs/CMakeFiles/vcvs.dir/vcvspar.c.o
[ 91%] Building C object src/lib/dev/vcvs/CMakeFiles/vcvs.dir/vcvspzld.c.o
[ 91%] Building C object src/lib/dev/vcvs/CMakeFiles/vcvs.dir/vcvssacl.c.o
[ 91%] Building C object src/lib/dev/vcvs/CMakeFiles/vcvs.dir/vcvsset.c.o
[ 91%] Building C object src/lib/dev/vcvs/CMakeFiles/vcvs.dir/vcvssld.c.o
[ 91%] Building C object src/lib/dev/vcvs/CMakeFiles/vcvs.dir/vcvssprt.c.o
[ 91%] Building C object src/lib/dev/vcvs/CMakeFiles/vcvs.dir/vcvssset.c.o
[ 92%] Linking C static library libvcvs.a
[ 92%] Built target vcvs
Scanning dependencies of target vsrc
[ 92%] Building C object src/lib/dev/vsrc/CMakeFiles/vsrc.dir/vsrc.c.o
[ 92%] Building C object src/lib/dev/vsrc/CMakeFiles/vsrc.dir/vsrcacct.c.o
[ 92%] Building C object src/lib/dev/vsrc/CMakeFiles/vsrc.dir/vsrcacld.c.o
[ 92%] Building C object src/lib/dev/vsrc/CMakeFiles/vsrc.dir/vsrcask.c.o
[ 92%] Building C object src/lib/dev/vsrc/CMakeFiles/vsrc.dir/vsrcdel.c.o
[ 92%] Building C object src/lib/dev/vsrc/CMakeFiles/vsrc.dir/vsrcdest.c.o
[ 92%] Building C object src/lib/dev/vsrc/CMakeFiles/vsrc.dir/vsrcfbr.c.o
[ 93%] Building C object src/lib/dev/vsrc/CMakeFiles/vsrc.dir/vsrcload.c.o
[ 93%] Building C object src/lib/dev/vsrc/CMakeFiles/vsrc.dir/vsrcmdel.c.o
[ 93%] Building C object src/lib/dev/vsrc/CMakeFiles/vsrc.dir/vsrcpar.c.o
[ 93%] Building C object src/lib/dev/vsrc/CMakeFiles/vsrc.dir/vsrcpzld.c.o
[ 93%] Building C object src/lib/dev/vsrc/CMakeFiles/vsrc.dir/vsrcpzs.c.o
[ 93%] Building C object src/lib/dev/vsrc/CMakeFiles/vsrc.dir/vsrcset.c.o
[ 93%] Building C object src/lib/dev/vsrc/CMakeFiles/vsrc.dir/vsrctemp.c.o
[ 94%] Linking C static library libvsrc.a
[ 94%] Built target vsrc
Scanning dependencies of target dev
[ 94%] Building C object src/lib/dev/CMakeFiles/dev.dir/devsup.c.o
[ 94%] Linking C static library libdev.a
[ 94%] Built target dev
Scanning dependencies of target hlp
[ 94%] Building C object src/lib/hlp/CMakeFiles/hlp.dir/help.c.o
[ 94%] Building C object src/lib/hlp/CMakeFiles/hlp.dir/provide.c.o
[ 94%] Building C object src/lib/hlp/CMakeFiles/hlp.dir/readhelp.c.o
[ 94%] Building C object src/lib/hlp/CMakeFiles/hlp.dir/textdisp.c.o
[ 94%] Building C object src/lib/hlp/CMakeFiles/hlp.dir/x11disp.c.o
[ 94%] Building C object src/lib/hlp/CMakeFiles/hlp.dir/xdisplay.c.o
[ 94%] Linking C static library libhlp.a
[ 94%] Built target hlp
Scanning dependencies of target mfb
[ 94%] Building C object src/lib/mfb/CMakeFiles/mfb.dir/mfb3d.c.o
[ 94%] Building C object src/lib/mfb/CMakeFiles/mfb.dir/mfbbasic.c.o
[ 94%] Building C object src/lib/mfb/CMakeFiles/mfb.dir/mfbcaps.c.o
[ 95%] Building C object src/lib/mfb/CMakeFiles/mfb.dir/mfbclip.c.o
[ 95%] Building C object src/lib/mfb/CMakeFiles/mfb.dir/mfbdec.c.o
[ 95%] Building C object src/lib/mfb/CMakeFiles/mfb.dir/mfbgnc.c.o
[ 95%] Building C object src/lib/mfb/CMakeFiles/mfb.dir/mfbio.c.o
[ 95%] Building C object src/lib/mfb/CMakeFiles/mfb.dir/mfbtext.c.o
[ 95%] Building C object src/lib/mfb/CMakeFiles/mfb.dir/paths.c.o
[ 95%] Building C object src/lib/mfb/CMakeFiles/mfb.dir/vmsio.c.o
[ 96%] Linking C static library libmfb.a
[ 96%] Built target mfb
Scanning dependencies of target misc
[ 96%] Building C object src/lib/misc/CMakeFiles/misc.dir/alloc.c.o
[ 96%] Building C object src/lib/misc/CMakeFiles/misc.dir/dos_dirs.c.o
[ 96%] Building C object src/lib/misc/CMakeFiles/misc.dir/dup2.c.o
[ 96%] Building C object src/lib/misc/CMakeFiles/misc.dir/ivars.c.o
[ 96%] Building C object src/lib/misc/CMakeFiles/misc.dir/math.c.o
[ 96%] Building C object src/lib/misc/CMakeFiles/misc.dir/mktemp.c.o
[ 96%] Building C object src/lib/misc/CMakeFiles/misc.dir/printnum.c.o
[ 97%] Building C object src/lib/misc/CMakeFiles/misc.dir/string.c.o
[ 97%] Building C object src/lib/misc/CMakeFiles/misc.dir/tilde.c.o
[ 97%] Building C object src/lib/misc/CMakeFiles/misc.dir/time.c.o
[ 97%] Linking C static library libmisc.a
[ 97%] Built target misc
Scanning dependencies of target sparse
[ 97%] Building C object src/lib/sparse/CMakeFiles/sparse.dir/spalloc.c.o
[ 97%] Building C object src/lib/sparse/CMakeFiles/sparse.dir/spbuild.c.o
[ 97%] Building C object src/lib/sparse/CMakeFiles/sparse.dir/spfactor.c.o
[ 97%] Building C object src/lib/sparse/CMakeFiles/sparse.dir/spoutput.c.o
[ 98%] Building C object src/lib/sparse/CMakeFiles/sparse.dir/spsmp.c.o
[ 98%] Building C object src/lib/sparse/CMakeFiles/sparse.dir/spsolve.c.o
[ 98%] Building C object src/lib/sparse/CMakeFiles/sparse.dir/sputils.c.o
[ 98%] Building C object src/lib/sparse/CMakeFiles/sparse.dir/spextra.c.o
[ 98%] Linking C static library libsparse.a
[ 98%] Built target sparse
Scanning dependencies of target maxkeidx
[ 98%] Building C object src/bin/CMakeFiles/maxkeidx.dir/makeidx.c.o
[ 99%] Linking C executable maxkeidx
[ 99%] Built target maxkeidx
Scanning dependencies of target spice3
[ 99%] Building C object src/bin/CMakeFiles/spice3.dir/main.c.o
[ 99%] Building C object src/bin/CMakeFiles/spice3.dir/tunepc.c.o
[100%] Building C object src/bin/CMakeFiles/spice3.dir/cconf.c.o
[100%] Linking C executable spice3
[100%] Built target spice3
