e:\spice3f5\build\src\lib\cp\cp.dir\debug\cp.pdb
e:\spice3f5\build\src\lib\cp\cp.dir\debug\numparse.obj
e:\spice3f5\build\src\lib\cp\cp.dir\debug\wlist.obj
e:\spice3f5\build\src\lib\cp\cp.dir\debug\var2.obj
e:\spice3f5\build\src\lib\cp\cp.dir\debug\variable.obj
e:\spice3f5\build\src\lib\cp\cp.dir\debug\unixcom.obj
e:\spice3f5\build\src\lib\cp\cp.dir\debug\std.obj
e:\spice3f5\build\src\lib\cp\cp.dir\debug\spawn.obj
e:\spice3f5\build\src\lib\cp\cp.dir\debug\quote.obj
e:\spice3f5\build\src\lib\cp\cp.dir\debug\output.obj
e:\spice3f5\build\src\lib\cp\cp.dir\debug\modify.obj
e:\spice3f5\build\src\lib\cp\cp.dir\debug\lexical.obj
e:\spice3f5\build\src\lib\cp\cp.dir\debug\input.obj
e:\spice3f5\build\src\lib\cp\cp.dir\debug\history.obj
e:\spice3f5\build\src\lib\cp\cp.dir\debug\glob.obj
e:\spice3f5\build\src\lib\cp\cp.dir\debug\front.obj
e:\spice3f5\build\src\lib\cp\cp.dir\debug\cshpar.obj
e:\spice3f5\build\src\lib\cp\cp.dir\debug\complete.obj
e:\spice3f5\build\src\lib\cp\cp.dir\debug\backq.obj
e:\spice3f5\build\src\lib\cp\cp.dir\debug\alias.obj
e:\spice3f5\build\src\lib\cp\cmakefiles\generate.stamp
e:\spice3f5\build\src\lib\cp\debug\cp.lib
e:\spice3f5\build\src\lib\cp\debug\cp.pdb
e:\spice3f5\build\src\lib\cp\cp.dir\debug\cp.tlog\cl.command.1.tlog
e:\spice3f5\build\src\lib\cp\cp.dir\debug\cp.tlog\cl.read.1.tlog
e:\spice3f5\build\src\lib\cp\cp.dir\debug\cp.tlog\cl.write.1.tlog
e:\spice3f5\build\src\lib\cp\cp.dir\debug\cp.tlog\custombuild.command.1.tlog
e:\spice3f5\build\src\lib\cp\cp.dir\debug\cp.tlog\custombuild.read.1.tlog
e:\spice3f5\build\src\lib\cp\cp.dir\debug\cp.tlog\custombuild.write.1.tlog
e:\spice3f5\build\src\lib\cp\cp.dir\debug\cp.tlog\lib-link.read.1.tlog
e:\spice3f5\build\src\lib\cp\cp.dir\debug\cp.tlog\lib-link.write.1.tlog
e:\spice3f5\build\src\lib\cp\cp.dir\debug\cp.tlog\lib.command.1.tlog
