e:\spice3f5\build\src\lib\fte\fte.dir\release\error.obj
e:\spice3f5\build\src\lib\fte\fte.dir\release\dotcards.obj
e:\spice3f5\build\src\lib\fte\fte.dir\release\doplot.obj
e:\spice3f5\build\src\lib\fte\fte.dir\release\display.obj
e:\spice3f5\build\src\lib\fte\fte.dir\release\diff.obj
e:\spice3f5\build\src\lib\fte\fte.dir\release\device.obj
e:\spice3f5\build\src\lib\fte\fte.dir\release\define.obj
e:\spice3f5\build\src\lib\fte\fte.dir\release\debugcom.obj
e:\spice3f5\build\src\lib\fte\fte.dir\release\cpitf.obj
e:\spice3f5\build\src\lib\fte\fte.dir\release\compose.obj
e:\spice3f5\build\src\lib\fte\fte.dir\release\cmath4.obj
e:\spice3f5\build\src\lib\fte\fte.dir\release\cmath3.obj
e:\spice3f5\build\src\lib\fte\fte.dir\release\cmath2.obj
e:\spice3f5\build\src\lib\fte\fte.dir\release\cmath1.obj
e:\spice3f5\build\src\lib\fte\fte.dir\release\clip.obj
e:\spice3f5\build\src\lib\fte\fte.dir\release\circuits.obj
e:\spice3f5\build\src\lib\fte\fte.dir\release\breakp.obj
e:\spice3f5\build\src\lib\fte\fte.dir\release\aspice.obj
e:\spice3f5\build\src\lib\fte\fte.dir\release\arg.obj
e:\spice3f5\build\src\lib\fte\fte.dir\release\agraf.obj
e:\spice3f5\build\src\lib\fte\fte.dir\release\plotcurv.obj
e:\spice3f5\build\src\lib\fte\fte.dir\release\plot5.obj
e:\spice3f5\build\src\lib\fte\fte.dir\release\parse.obj
e:\spice3f5\build\src\lib\fte\fte.dir\release\outitf.obj
e:\spice3f5\build\src\lib\fte\fte.dir\release\options.obj
e:\spice3f5\build\src\lib\fte\fte.dir\release\nutmegif.obj
e:\spice3f5\build\src\lib\fte\fte.dir\release\nutinp.obj
e:\spice3f5\build\src\lib\fte\fte.dir\release\nutctab.obj
e:\spice3f5\build\src\lib\fte\fte.dir\release\miscvars.obj
e:\spice3f5\build\src\lib\fte\fte.dir\release\misccoms.obj
e:\spice3f5\build\src\lib\fte\fte.dir\release\mfb.obj
e:\spice3f5\build\src\lib\fte\fte.dir\release\linear.obj
e:\spice3f5\build\src\lib\fte\fte.dir\release\interp.obj
e:\spice3f5\build\src\lib\fte\fte.dir\release\inpcom.obj
e:\spice3f5\build\src\lib\fte\fte.dir\release\inp.obj
e:\spice3f5\build\src\lib\fte\fte.dir\release\grid.obj
e:\spice3f5\build\src\lib\fte\fte.dir\release\graphdb.obj
e:\spice3f5\build\src\lib\fte\fte.dir\release\graf.obj
e:\spice3f5\build\src\lib\fte\fte.dir\release\fourier.obj
e:\spice3f5\build\src\lib\fte\fte.dir\release\evaluate.obj
e:\spice3f5\build\src\lib\fte\fte.dir\release\xgraph.obj
e:\spice3f5\build\src\lib\fte\fte.dir\release\dimens.obj
e:\spice3f5\build\src\lib\fte\fte.dir\release\newcoms.obj
e:\spice3f5\build\src\lib\fte\fte.dir\release\gens.obj
e:\spice3f5\build\src\lib\fte\fte.dir\release\x11.obj
e:\spice3f5\build\src\lib\fte\fte.dir\release\x10.obj
e:\spice3f5\build\src\lib\fte\fte.dir\release\where.obj
e:\spice3f5\build\src\lib\fte\fte.dir\release\vectors.obj
e:\spice3f5\build\src\lib\fte\fte.dir\release\types.obj
e:\spice3f5\build\src\lib\fte\fte.dir\release\subckt.obj
e:\spice3f5\build\src\lib\fte\fte.dir\release\spiceif.obj
e:\spice3f5\build\src\lib\fte\fte.dir\release\spcmdtab.obj
e:\spice3f5\build\src\lib\fte\fte.dir\release\signal.obj
e:\spice3f5\build\src\lib\fte\fte.dir\release\shyu.obj
e:\spice3f5\build\src\lib\fte\fte.dir\release\runcoms.obj
e:\spice3f5\build\src\lib\fte\fte.dir\release\resource.obj
e:\spice3f5\build\src\lib\fte\fte.dir\release\rawfile.obj
e:\spice3f5\build\src\lib\fte\fte.dir\release\postsc.obj
e:\spice3f5\build\src\lib\fte\fte.dir\release\postcoms.obj
e:\spice3f5\build\src\lib\fte\fte.dir\release\points.obj
e:\spice3f5\build\src\lib\fte\fte.dir\release\breakp2.obj
e:\spice3f5\build\src\lib\fte\fte.dir\release\runcoms2.obj
e:\spice3f5\build\src\lib\fte\cmakefiles\generate.stamp
e:\spice3f5\build\src\lib\fte\release\fte.lib
e:\spice3f5\build\src\lib\fte\fte.dir\release\fte.tlog\cl.command.1.tlog
e:\spice3f5\build\src\lib\fte\fte.dir\release\fte.tlog\cl.read.1.tlog
e:\spice3f5\build\src\lib\fte\fte.dir\release\fte.tlog\cl.write.1.tlog
e:\spice3f5\build\src\lib\fte\fte.dir\release\fte.tlog\custombuild.command.1.tlog
e:\spice3f5\build\src\lib\fte\fte.dir\release\fte.tlog\custombuild.read.1.tlog
e:\spice3f5\build\src\lib\fte\fte.dir\release\fte.tlog\custombuild.write.1.tlog
e:\spice3f5\build\src\lib\fte\fte.dir\release\fte.tlog\lib-link.read.1.tlog
e:\spice3f5\build\src\lib\fte\fte.dir\release\fte.tlog\lib-link.write.1.tlog
e:\spice3f5\build\src\lib\fte\fte.dir\release\fte.tlog\lib.command.1.tlog
