e:\spice3f5\build\src\lib\sparse\sparse.dir\debug\sparse.pdb
e:\spice3f5\build\src\lib\sparse\sparse.dir\debug\spextra.obj
e:\spice3f5\build\src\lib\sparse\sparse.dir\debug\sputils.obj
e:\spice3f5\build\src\lib\sparse\sparse.dir\debug\spsolve.obj
e:\spice3f5\build\src\lib\sparse\sparse.dir\debug\spsmp.obj
e:\spice3f5\build\src\lib\sparse\sparse.dir\debug\spoutput.obj
e:\spice3f5\build\src\lib\sparse\sparse.dir\debug\spfactor.obj
e:\spice3f5\build\src\lib\sparse\sparse.dir\debug\spbuild.obj
e:\spice3f5\build\src\lib\sparse\sparse.dir\debug\spalloc.obj
e:\spice3f5\build\src\lib\sparse\cmakefiles\generate.stamp
e:\spice3f5\build\src\lib\sparse\debug\sparse.lib
e:\spice3f5\build\src\lib\sparse\debug\sparse.pdb
e:\spice3f5\build\src\lib\sparse\sparse.dir\debug\sparse.tlog\cl.command.1.tlog
e:\spice3f5\build\src\lib\sparse\sparse.dir\debug\sparse.tlog\cl.read.1.tlog
e:\spice3f5\build\src\lib\sparse\sparse.dir\debug\sparse.tlog\cl.write.1.tlog
e:\spice3f5\build\src\lib\sparse\sparse.dir\debug\sparse.tlog\custombuild.command.1.tlog
e:\spice3f5\build\src\lib\sparse\sparse.dir\debug\sparse.tlog\custombuild.read.1.tlog
e:\spice3f5\build\src\lib\sparse\sparse.dir\debug\sparse.tlog\custombuild.write.1.tlog
e:\spice3f5\build\src\lib\sparse\sparse.dir\debug\sparse.tlog\lib-link.read.1.tlog
e:\spice3f5\build\src\lib\sparse\sparse.dir\debug\sparse.tlog\lib-link.write.1.tlog
e:\spice3f5\build\src\lib\sparse\sparse.dir\debug\sparse.tlog\lib.command.1.tlog
