  spalloc.c
E:\spice3f5\src\lib\sparse\spalloc.c(458): warning C4101: pListNode: неиспользованная локальная переменная
E:\spice3f5\src\lib\sparse\spalloc.c(459): warning C4101: pFillins: неиспользованная локальная переменная
  spbuild.c
E:\spice3f5\src\lib\sparse\spbuild.c(947): warning C4244: =: преобразование "double" в "int", возможна потеря данных
E:\spice3f5\src\lib\sparse\spbuild.c(1036): warning C4244: =: преобразование "double" в "int", возможна потеря данных
  spextra.c
  spfactor.c
E:\spice3f5\src\lib\sparse\spfactor.c(1001): warning C4244: =: преобразование "double" в "long", возможна потеря данных
E:\spice3f5\src\lib\sparse\spfactor.c(2957): warning C4244: =: преобразование "double" в "long", возможна потеря данных
E:\spice3f5\src\lib\sparse\spfactor.c(2975): warning C4244: =: преобразование "double" в "long", возможна потеря данных
  spoutput.c
  spsmp.c
E:\spice3f5\src\lib\sparse\spsmp.c(408): warning C4244: =: преобразование "double" в "int", возможна потеря данных
E:\spice3f5\src\lib\sparse\spsmp.c(409): warning C4013: scalb: нет определения; предполагается "extern" с возвратом типа "int"
  spsolve.c
E:\spice3f5\src\lib\sparse\spsolve.c(310): warning C4101: ExtVector: неиспользованная локальная переменная
E:\spice3f5\src\lib\sparse\spsolve.c(629): warning C4101: ExtVector: неиспользованная локальная переменная
  sputils.c
  Создание кода...
  sparse.vcxproj -> E:\spice3f5\build\src\lib\sparse\Debug\sparse.lib
