e:\spice3f5\build\src\lib\ckt\ckt.dir\debug\ckt.pdb
e:\spice3f5\build\src\lib\ckt\ckt.dir\debug\cktdojob.obj
e:\spice3f5\build\src\lib\ckt\ckt.dir\debug\cktdltn.obj
e:\spice3f5\build\src\lib\ckt\ckt.dir\debug\cktdltm.obj
e:\spice3f5\build\src\lib\ckt\ckt.dir\debug\cktdlti.obj
e:\spice3f5\build\src\lib\ckt\ckt.dir\debug\cktdisto.obj
e:\spice3f5\build\src\lib\ckt\ckt.dir\debug\cktdest.obj
e:\spice3f5\build\src\lib\ckt\ckt.dir\debug\cktdelt.obj
e:\spice3f5\build\src\lib\ckt\ckt.dir\debug\cktcrte.obj
e:\spice3f5\build\src\lib\ckt\ckt.dir\debug\cktclrbk.obj
e:\spice3f5\build\src\lib\ckt\ckt.dir\debug\cktbkdum.obj
e:\spice3f5\build\src\lib\ckt\ckt.dir\debug\cktbindn.obj
e:\spice3f5\build\src\lib\ckt\ckt.dir\debug\cktasknq.obj
e:\spice3f5\build\src\lib\ckt\ckt.dir\debug\cktaskaq.obj
e:\spice3f5\build\src\lib\ckt\ckt.dir\debug\cktask.obj
e:\spice3f5\build\src\lib\ckt\ckt.dir\debug\cktacdum.obj
e:\spice3f5\build\src\lib\ckt\ckt.dir\debug\cktacct.obj
e:\spice3f5\build\src\lib\ckt\ckt.dir\debug\cktaccpt.obj
e:\spice3f5\build\src\lib\ckt\ckt.dir\debug\acsetp.obj
e:\spice3f5\build\src\lib\ckt\ckt.dir\debug\acaskq.obj
e:\spice3f5\build\src\lib\ckt\ckt.dir\debug\acan.obj
e:\spice3f5\build\src\lib\ckt\ckt.dir\debug\cktmpar.obj
e:\spice3f5\build\src\lib\ckt\ckt.dir\debug\cktmkvol.obj
e:\spice3f5\build\src\lib\ckt\ckt.dir\debug\cktmknod.obj
e:\spice3f5\build\src\lib\ckt\ckt.dir\debug\cktmkcur.obj
e:\spice3f5\build\src\lib\ckt\ckt.dir\debug\cktmcrt.obj
e:\spice3f5\build\src\lib\ckt\ckt.dir\debug\cktmask.obj
e:\spice3f5\build\src\lib\ckt\ckt.dir\debug\cktmapn.obj
e:\spice3f5\build\src\lib\ckt\ckt.dir\debug\cktload.obj
e:\spice3f5\build\src\lib\ckt\ckt.dir\debug\cktlnkeq.obj
e:\spice3f5\build\src\lib\ckt\ckt.dir\debug\cktinit.obj
e:\spice3f5\build\src\lib\ckt\ckt.dir\debug\cktic.obj
e:\spice3f5\build\src\lib\ckt\ckt.dir\debug\ckti2nod.obj
e:\spice3f5\build\src\lib\ckt\ckt.dir\debug\cktgrnd.obj
e:\spice3f5\build\src\lib\ckt\ckt.dir\debug\cktftask.obj
e:\spice3f5\build\src\lib\ckt\ckt.dir\debug\cktfnode.obj
e:\spice3f5\build\src\lib\ckt\ckt.dir\debug\cktfndm.obj
e:\spice3f5\build\src\lib\ckt\ckt.dir\debug\cktfnda.obj
e:\spice3f5\build\src\lib\ckt\ckt.dir\debug\cktfdev.obj
e:\spice3f5\build\src\lib\ckt\ckt.dir\debug\cktfbran.obj
e:\spice3f5\build\src\lib\ckt\ckt.dir\debug\cktdump.obj
e:\spice3f5\build\src\lib\ckt\ckt.dir\debug\cktsgen.obj
e:\spice3f5\build\src\lib\ckt\ckt.dir\debug\cktsetup.obj
e:\spice3f5\build\src\lib\ckt\ckt.dir\debug\cktsetnp.obj
e:\spice3f5\build\src\lib\ckt\ckt.dir\debug\cktsetbk.obj
e:\spice3f5\build\src\lib\ckt\ckt.dir\debug\cktsetap.obj
e:\spice3f5\build\src\lib\ckt\ckt.dir\debug\cktpzstr.obj
e:\spice3f5\build\src\lib\ckt\ckt.dir\debug\cktpzset.obj
e:\spice3f5\build\src\lib\ckt\ckt.dir\debug\cktpzld.obj
e:\spice3f5\build\src\lib\ckt\ckt.dir\debug\cktpname.obj
e:\spice3f5\build\src\lib\ckt\ckt.dir\debug\cktpmnam.obj
e:\spice3f5\build\src\lib\ckt\ckt.dir\debug\cktparam.obj
e:\spice3f5\build\src\lib\ckt\ckt.dir\debug\cktop.obj
e:\spice3f5\build\src\lib\ckt\ckt.dir\debug\cktnum2n.obj
e:\spice3f5\build\src\lib\ckt\ckt.dir\debug\cktntask.obj
e:\spice3f5\build\src\lib\ckt\ckt.dir\debug\cktnoise.obj
e:\spice3f5\build\src\lib\ckt\ckt.dir\debug\cktnodn.obj
e:\spice3f5\build\src\lib\ckt\ckt.dir\debug\cktnewn.obj
e:\spice3f5\build\src\lib\ckt\ckt.dir\debug\cktneweq.obj
e:\spice3f5\build\src\lib\ckt\ckt.dir\debug\cktnewan.obj
e:\spice3f5\build\src\lib\ckt\ckt.dir\debug\cktnames.obj
e:\spice3f5\build\src\lib\ckt\ckt.dir\debug\nevalsrc.obj
e:\spice3f5\build\src\lib\ckt\ckt.dir\debug\naskq.obj
e:\spice3f5\build\src\lib\ckt\ckt.dir\debug\dsetparm.obj
e:\spice3f5\build\src\lib\ckt\ckt.dir\debug\dloadfns.obj
e:\spice3f5\build\src\lib\ckt\ckt.dir\debug\dkerproc.obj
e:\spice3f5\build\src\lib\ckt\ckt.dir\debug\distoan.obj
e:\spice3f5\build\src\lib\ckt\ckt.dir\debug\dctsetp.obj
e:\spice3f5\build\src\lib\ckt\ckt.dir\debug\dctrcurv.obj
e:\spice3f5\build\src\lib\ckt\ckt.dir\debug\dctran.obj
e:\spice3f5\build\src\lib\ckt\ckt.dir\debug\dctaskq.obj
e:\spice3f5\build\src\lib\ckt\ckt.dir\debug\dcosetp.obj
e:\spice3f5\build\src\lib\ckt\ckt.dir\debug\dcop.obj
e:\spice3f5\build\src\lib\ckt\ckt.dir\debug\dcoaskq.obj
e:\spice3f5\build\src\lib\ckt\ckt.dir\debug\daskq.obj
e:\spice3f5\build\src\lib\ckt\ckt.dir\debug\ckttyplk.obj
e:\spice3f5\build\src\lib\ckt\ckt.dir\debug\ckttrunc.obj
e:\spice3f5\build\src\lib\ckt\ckt.dir\debug\ckttroub.obj
e:\spice3f5\build\src\lib\ckt\ckt.dir\debug\cktterr.obj
e:\spice3f5\build\src\lib\ckt\ckt.dir\debug\ckttemp.obj
e:\spice3f5\build\src\lib\ckt\ckt.dir\debug\cktsopt.obj
e:\spice3f5\build\src\lib\ckt\ckt.dir\debug\cktsens.obj
e:\spice3f5\build\src\lib\ckt\ckt.dir\debug\transetp.obj
e:\spice3f5\build\src\lib\ckt\ckt.dir\debug\traninit.obj
e:\spice3f5\build\src\lib\ckt\ckt.dir\debug\tranaskq.obj
e:\spice3f5\build\src\lib\ckt\ckt.dir\debug\tfsetp.obj
e:\spice3f5\build\src\lib\ckt\ckt.dir\debug\tfaskq.obj
e:\spice3f5\build\src\lib\ckt\ckt.dir\debug\tfanal.obj
e:\spice3f5\build\src\lib\ckt\ckt.dir\debug\senssetp.obj
e:\spice3f5\build\src\lib\ckt\ckt.dir\debug\sensaskq.obj
e:\spice3f5\build\src\lib\ckt\ckt.dir\debug\pzsetp.obj
e:\spice3f5\build\src\lib\ckt\ckt.dir\debug\pzaskq.obj
e:\spice3f5\build\src\lib\ckt\ckt.dir\debug\pzan.obj
e:\spice3f5\build\src\lib\ckt\ckt.dir\debug\nsetparm.obj
e:\spice3f5\build\src\lib\ckt\ckt.dir\debug\noisean.obj
e:\spice3f5\build\src\lib\ckt\ckt.dir\debug\ninteg.obj
e:\spice3f5\build\src\lib\ckt\cmakefiles\generate.stamp
e:\spice3f5\build\src\lib\ckt\debug\ckt.lib
e:\spice3f5\build\src\lib\ckt\debug\ckt.pdb
e:\spice3f5\build\src\lib\ckt\ckt.dir\debug\ckt.tlog\cl.command.1.tlog
e:\spice3f5\build\src\lib\ckt\ckt.dir\debug\ckt.tlog\cl.read.1.tlog
e:\spice3f5\build\src\lib\ckt\ckt.dir\debug\ckt.tlog\cl.write.1.tlog
e:\spice3f5\build\src\lib\ckt\ckt.dir\debug\ckt.tlog\custombuild.command.1.tlog
e:\spice3f5\build\src\lib\ckt\ckt.dir\debug\ckt.tlog\custombuild.read.1.tlog
e:\spice3f5\build\src\lib\ckt\ckt.dir\debug\ckt.tlog\custombuild.write.1.tlog
e:\spice3f5\build\src\lib\ckt\ckt.dir\debug\ckt.tlog\lib-link.read.1.tlog
e:\spice3f5\build\src\lib\ckt\ckt.dir\debug\ckt.tlog\lib-link.write.1.tlog
e:\spice3f5\build\src\lib\ckt\ckt.dir\debug\ckt.tlog\lib.command.1.tlog
