  acan.c
E:\spice3f5\src\lib\ckt\acan.c(24): warning C4101: save: неиспользованная локальная переменная
E:\spice3f5\src\lib\ckt\acan.c(25): warning C4101: save1: неиспользованная локальная переменная
  acaskq.c
  acsetp.c
  cktaccpt.c
E:\spice3f5\src\lib\ckt\cktaccpt.c(29): warning C4101: size: неиспользованная локальная переменная
E:\spice3f5\src\lib\ckt\cktaccpt.c(31): warning C4101: temp: неиспользованная локальная переменная
  cktacct.c
  cktacdum.c
  cktask.c
  cktaskaq.c
  cktasknq.c
  cktbindn.c
  cktbkdum.c
  cktclrbk.c
  cktcrte.c
  cktdelt.c
  cktdest.c
  cktdisto.c
E:\spice3f5\src\lib\ckt\cktdisto.c(87): warning C4101: error: неиспользованная локальная переменная
  cktdlti.c
  cktdltm.c
  cktdltn.c
E:\spice3f5\src\lib\ckt\cktdltn.c(24): warning C4013: CKTdltNNum: нет определения; предполагается "extern" с возвратом типа "int"
E:\spice3f5\src\lib\ckt\cktdltn.c(34): warning C4101: i: неиспользованная локальная переменная
  cktdojob.c
E:\spice3f5\src\lib\ckt\cktdojob.c(106): warning C4013: CKTunsetup: нет определения; предполагается "extern" с возвратом типа "int"
  Создание кода...
  Компиляция...
  cktdump.c
  cktfbran.c
  cktfdev.c
  cktfnda.c
  cktfndm.c
  cktfnode.c
  cktftask.c
  cktgrnd.c
  ckti2nod.c
  cktic.c
  cktinit.c
E:\spice3f5\src\lib\ckt\cktinit.c(21): warning C4101: error: неиспользованная локальная переменная
  cktlnkeq.c
  cktload.c
  cktmapn.c
  cktmask.c
  cktmcrt.c
  cktmkcur.c
  cktmknod.c
  cktmkvol.c
  cktmpar.c
  Создание кода...
  Компиляция...
  cktnames.c
  cktnewan.c
  cktneweq.c
  cktnewn.c
  cktnodn.c
  cktnoise.c
  cktntask.c
  cktnum2n.c
  cktop.c
  cktparam.c
  cktpmnam.c
  cktpname.c
  cktpzld.c
E:\spice3f5\src\lib\ckt\cktpzld.c(48): warning C4013: SMPcAddCol: нет определения; предполагается "extern" с возвратом типа "int"
E:\spice3f5\src\lib\ckt\cktpzld.c(53): warning C4013: SMPcZeroCol: нет определения; предполагается "extern" с возвратом типа "int"
E:\spice3f5\src\lib\ckt\cktpzld.c(23): warning C4101: elt: неиспользованная локальная переменная
E:\spice3f5\src\lib\ckt\cktpzld.c(23): warning C4101: telt: неиспользованная локальная переменная
E:\spice3f5\src\lib\ckt\cktpzld.c(24): warning C4101: solution_col: неиспользованная локальная переменная
  cktpzset.c
  cktpzstr.c
E:\spice3f5\src\lib\ckt\cktpzstr.c(141): warning C4013: CKTpzStrat: нет определения; предполагается "extern" с возвратом типа "int"
E:\spice3f5\src\lib\ckt\cktpzstr.c(142): warning C4013: CKTpzStep: нет определения; предполагается "extern" с возвратом типа "int"
E:\spice3f5\src\lib\ckt\cktpzstr.c(157): warning C4013: CKTpzRunTrial: нет определения; предполагается "extern" с возвратом типа "int"
E:\spice3f5\src\lib\ckt\cktpzstr.c(162): warning C4013: CKTpzVerify: нет определения; предполагается "extern" с возвратом типа "int"
E:\spice3f5\src\lib\ckt\cktpzstr.c(181): warning C4996: 'sprintf': This function or variable may be unsafe. Consider using sprintf_s instead. To disable deprecation, use _CRT_SECURE_NO_WARNINGS. See online help for details.
  C:\Program Files (x86)\Windows Kits\10\Include\10.0.16299.0\ucrt\stdio.h(1772): note:  см. объявление "sprintf"
E:\spice3f5\src\lib\ckt\cktpzstr.c(207): warning C4996: 'strcpy': This function or variable may be unsafe. Consider using strcpy_s instead. To disable deprecation, use _CRT_SECURE_NO_WARNINGS. See online help for details.
  C:\Program Files (x86)\Windows Kits\10\Include\10.0.16299.0\ucrt\string.h(132): note:  см. объявление "strcpy"
E:\spice3f5\src\lib\ckt\cktpzstr.c(215): warning C4996: 'sprintf': This function or variable may be unsafe. Consider using sprintf_s instead. To disable deprecation, use _CRT_SECURE_NO_WARNINGS. See online help for details.
  C:\Program Files (x86)\Windows Kits\10\Include\10.0.16299.0\ucrt\stdio.h(1772): note:  см. объявление "sprintf"
E:\spice3f5\src\lib\ckt\cktpzstr.c(222): warning C4996: 'sprintf': This function or variable may be unsafe. Consider using sprintf_s instead. To disable deprecation, use _CRT_SECURE_NO_WARNINGS. See online help for details.
  C:\Program Files (x86)\Windows Kits\10\Include\10.0.16299.0\ucrt\stdio.h(1772): note:  см. объявление "sprintf"
E:\spice3f5\src\lib\ckt\cktpzstr.c(279): warning C4013: NIpzSym: нет определения; предполагается "extern" с возвратом типа "int"
E:\spice3f5\src\lib\ckt\cktpzstr.c(397): warning C4996: 'strcpy': This function or variable may be unsafe. Consider using strcpy_s instead. To disable deprecation, use _CRT_SECURE_NO_WARNINGS. See online help for details.
  C:\Program Files (x86)\Windows Kits\10\Include\10.0.16299.0\ucrt\string.h(132): note:  см. объявление "strcpy"
E:\spice3f5\src\lib\ckt\cktpzstr.c(242): warning C4101: est: неиспользованная локальная переменная
E:\spice3f5\src\lib\ckt\cktpzstr.c(242): warning C4101: a: неиспользованная локальная переменная
E:\spice3f5\src\lib\ckt\cktpzstr.c(242): warning C4101: k: неиспользованная локальная переменная
E:\spice3f5\src\lib\ckt\cktpzstr.c(242): warning C4101: b: неиспользованная локальная переменная
E:\spice3f5\src\lib\ckt\cktpzstr.c(242): warning C4101: n: неиспользованная локальная переменная
E:\spice3f5\src\lib\ckt\cktpzstr.c(417): warning C4101: q_mag: неиспользованная локальная переменная
E:\spice3f5\src\lib\ckt\cktpzstr.c(414): warning C4101: d1: неиспользованная локальная переменная
E:\spice3f5\src\lib\ckt\cktpzstr.c(418): warning C4101: y: неиспользованная локальная переменная
E:\spice3f5\src\lib\ckt\cktpzstr.c(413): warning C4101: q: неиспользованная локальная переменная
E:\spice3f5\src\lib\ckt\cktpzstr.c(418): warning C4101: x: неиспользованная локальная переменная
E:\spice3f5\src\lib\ckt\cktpzstr.c(419): warning C4101: xmag: неиспользованная локальная переменная
E:\spice3f5\src\lib\ckt\cktpzstr.c(416): warning C4101: diff_mag: неиспользованная локальная переменная
E:\spice3f5\src\lib\ckt\cktpzstr.c(415): warning C4101: diff: неиспользованная локальная переменная
E:\spice3f5\src\lib\ckt\cktpzstr.c(414): warning C4101: d2: неиспользованная локальная переменная
E:\spice3f5\src\lib\ckt\cktpzstr.c(708): warning C4013: SMPcDProd: нет определения; предполагается "extern" с возвратом типа "int"
E:\spice3f5\src\lib\ckt\cktpzstr.c(529): warning C4101: den: неиспользованная локальная переменная
E:\spice3f5\src\lib\ckt\cktpzstr.c(531): warning C4101: e: неиспользованная локальная переменная
E:\spice3f5\src\lib\ckt\cktpzstr.c(532): warning C4101: inserted: неиспользованная локальная переменная
E:\spice3f5\src\lib\ckt\cktpzstr.c(526): warning C4101: t: неиспользованная локальная переменная
E:\spice3f5\src\lib\ckt\cktpzstr.c(529): warning C4101: num: неиспользованная локальная переменная
  cktsens.c
E:\spice3f5\src\lib\ckt\cktsens.c(109): warning C4013: count_steps: нет определения; предполагается "extern" с возвратом типа "int"
E:\spice3f5\src\lib\ckt\cktsens.c(266): warning C4013: CKTunsetup: нет определения; предполагается "extern" с возвратом типа "int"
E:\spice3f5\src\lib\ckt\cktsens.c(403): warning C4013: spConstMult: нет определения; предполагается "extern" с возвратом типа "int"
E:\spice3f5\src\lib\ckt\cktsens.c(553): warning C4013: OUTpData: нет определения; предполагается "extern" с возвратом типа "int"
E:\spice3f5\src\lib\ckt\cktsens.c(157): warning C4996: 'sprintf': This function or variable may be unsafe. Consider using sprintf_s instead. To disable deprecation, use _CRT_SECURE_NO_WARNINGS. See online help for details.
  C:\Program Files (x86)\Windows Kits\10\Include\10.0.16299.0\ucrt\stdio.h(1772): note:  см. объявление "sprintf"
E:\spice3f5\src\lib\ckt\cktsens.c(163): warning C4996: 'sprintf': This function or variable may be unsafe. Consider using sprintf_s instead. To disable deprecation, use _CRT_SECURE_NO_WARNINGS. See online help for details.
  C:\Program Files (x86)\Windows Kits\10\Include\10.0.16299.0\ucrt\stdio.h(1772): note:  см. объявление "sprintf"
E:\spice3f5\src\lib\ckt\cktsens.c(165): warning C4996: 'sprintf': This function or variable may be unsafe. Consider using sprintf_s instead. To disable deprecation, use _CRT_SECURE_NO_WARNINGS. See online help for details.
  C:\Program Files (x86)\Windows Kits\10\Include\10.0.16299.0\ucrt\stdio.h(1772): note:  см. объявление "sprintf"
E:\spice3f5\src\lib\ckt\cktsens.c(80): warning C4101: save_states: неиспользованная локальная переменная
E:\spice3f5\src\lib\ckt\cktsens.c(655): warning C4244: =: преобразование "double" в "int", возможна потеря данных
E:\spice3f5\src\lib\ckt\cktsens.c(664): warning C4244: =: преобразование "double" в "int", возможна потеря данных
  cktsetap.c
  cktsetbk.c
  cktsetnp.c
  cktsetup.c
  Создание кода...
  Компиляция...
  cktsgen.c
E:\spice3f5\src\lib\ckt\cktsgen.c(62): warning C4013: set_param: нет определения; предполагается "extern" с возвратом типа "int"
E:\spice3f5\src\lib\ckt\cktsgen.c(89): warning C4013: set_inst: нет определения; предполагается "extern" с возвратом типа "int"
E:\spice3f5\src\lib\ckt\cktsgen.c(125): warning C4013: set_model: нет определения; предполагается "extern" с возвратом типа "int"
E:\spice3f5\src\lib\ckt\cktsgen.c(159): warning C4013: set_dev: нет определения; предполагается "extern" с возвратом типа "int"
E:\spice3f5\src\lib\ckt\cktsgen.c(205): warning C4013: strncmp: нет определения; предполагается "extern" с возвратом типа "int"
E:\spice3f5\src\lib\ckt\cktsgen.c(206): warning C4013: strlen: нет определения; предполагается "extern" с возвратом типа "int"
E:\spice3f5\src\lib\ckt\cktsgen.c(218): warning C4013: sens_getp: нет определения; предполагается "extern" с возвратом типа "int"
  cktsopt.c
  ckttemp.c
  cktterr.c
  ckttroub.c
E:\spice3f5\src\lib\ckt\ckttroub.c(45): warning C4996: 'sprintf': This function or variable may be unsafe. Consider using sprintf_s instead. To disable deprecation, use _CRT_SECURE_NO_WARNINGS. See online help for details.
  C:\Program Files (x86)\Windows Kits\10\Include\10.0.16299.0\ucrt\stdio.h(1772): note:  см. объявление "sprintf"
E:\spice3f5\src\lib\ckt\ckttroub.c(47): warning C4996: 'sprintf': This function or variable may be unsafe. Consider using sprintf_s instead. To disable deprecation, use _CRT_SECURE_NO_WARNINGS. See online help for details.
  C:\Program Files (x86)\Windows Kits\10\Include\10.0.16299.0\ucrt\stdio.h(1772): note:  см. объявление "sprintf"
E:\spice3f5\src\lib\ckt\ckttroub.c(55): warning C4996: 'sprintf': This function or variable may be unsafe. Consider using sprintf_s instead. To disable deprecation, use _CRT_SECURE_NO_WARNINGS. See online help for details.
  C:\Program Files (x86)\Windows Kits\10\Include\10.0.16299.0\ucrt\stdio.h(1772): note:  см. объявление "sprintf"
E:\spice3f5\src\lib\ckt\ckttroub.c(57): warning C4996: 'sprintf': This function or variable may be unsafe. Consider using sprintf_s instead. To disable deprecation, use _CRT_SECURE_NO_WARNINGS. See online help for details.
  C:\Program Files (x86)\Windows Kits\10\Include\10.0.16299.0\ucrt\stdio.h(1772): note:  см. объявление "sprintf"
E:\spice3f5\src\lib\ckt\ckttroub.c(62): warning C4996: 'sprintf': This function or variable may be unsafe. Consider using sprintf_s instead. To disable deprecation, use _CRT_SECURE_NO_WARNINGS. See online help for details.
  C:\Program Files (x86)\Windows Kits\10\Include\10.0.16299.0\ucrt\stdio.h(1772): note:  см. объявление "sprintf"
E:\spice3f5\src\lib\ckt\ckttroub.c(73): warning C4996: 'sprintf': This function or variable may be unsafe. Consider using sprintf_s instead. To disable deprecation, use _CRT_SECURE_NO_WARNINGS. See online help for details.
  C:\Program Files (x86)\Windows Kits\10\Include\10.0.16299.0\ucrt\stdio.h(1772): note:  см. объявление "sprintf"
E:\spice3f5\src\lib\ckt\ckttroub.c(76): warning C4996: 'sprintf': This function or variable may be unsafe. Consider using sprintf_s instead. To disable deprecation, use _CRT_SECURE_NO_WARNINGS. See online help for details.
  C:\Program Files (x86)\Windows Kits\10\Include\10.0.16299.0\ucrt\stdio.h(1772): note:  см. объявление "sprintf"
E:\spice3f5\src\lib\ckt\ckttroub.c(90): warning C4996: 'sprintf': This function or variable may be unsafe. Consider using sprintf_s instead. To disable deprecation, use _CRT_SECURE_NO_WARNINGS. See online help for details.
  C:\Program Files (x86)\Windows Kits\10\Include\10.0.16299.0\ucrt\stdio.h(1772): note:  см. объявление "sprintf"
E:\spice3f5\src\lib\ckt\ckttroub.c(94): warning C4996: 'sprintf': This function or variable may be unsafe. Consider using sprintf_s instead. To disable deprecation, use _CRT_SECURE_NO_WARNINGS. See online help for details.
  C:\Program Files (x86)\Windows Kits\10\Include\10.0.16299.0\ucrt\stdio.h(1772): note:  см. объявление "sprintf"
E:\spice3f5\src\lib\ckt\ckttroub.c(98): warning C4996: 'sprintf': This function or variable may be unsafe. Consider using sprintf_s instead. To disable deprecation, use _CRT_SECURE_NO_WARNINGS. See online help for details.
  C:\Program Files (x86)\Windows Kits\10\Include\10.0.16299.0\ucrt\stdio.h(1772): note:  см. объявление "sprintf"
E:\spice3f5\src\lib\ckt\ckttroub.c(102): warning C4996: 'strcpy': This function or variable may be unsafe. Consider using strcpy_s instead. To disable deprecation, use _CRT_SECURE_NO_WARNINGS. See online help for details.
  C:\Program Files (x86)\Windows Kits\10\Include\10.0.16299.0\ucrt\string.h(132): note:  см. объявление "strcpy"
  ckttrunc.c
  ckttyplk.c
  dcoaskq.c
  dcop.c
E:\spice3f5\src\lib\ckt\dcop.c(24): warning C4101: senmode: неиспользованная локальная переменная
E:\spice3f5\src\lib\ckt\dcop.c(23): warning C4101: save: неиспользованная локальная переменная
E:\spice3f5\src\lib\ckt\dcop.c(18): warning C4101: i: неиспользованная локальная переменная
E:\spice3f5\src\lib\ckt\dcop.c(22): warning C4101: size: неиспользованная локальная переменная
  dcosetp.c
  dctaskq.c
  dctran.c
E:\spice3f5\src\lib\ckt\dctran.c(69): warning C4244: =: преобразование "double" в "int", возможна потеря данных
E:\spice3f5\src\lib\ckt\dctran.c(136): warning C4013: bcopy: нет определения; предполагается "extern" с возвратом типа "int"
E:\spice3f5\src\lib\ckt\dctran.c(170): warning C4244: =: преобразование "double" в "int", возможна потеря данных
E:\spice3f5\src\lib\ckt\dctran.c(176): warning C4244: *=: преобразование "double" в "int", возможна потеря данных
E:\spice3f5\src\lib\ckt\dctran.c(42): warning C4101: save2: неиспользованная локальная переменная
E:\spice3f5\src\lib\ckt\dctran.c(41): warning C4101: save: неиспользованная локальная переменная
E:\spice3f5\src\lib\ckt\dctran.c(45): warning C4101: save1: неиспользованная локальная переменная
E:\spice3f5\src\lib\ckt\dctran.c(43): warning C4101: size: неиспользованная локальная переменная
  dctrcurv.c
E:\spice3f5\src\lib\ckt\dctrcurv.c(224): warning C4013: bcopy: нет определения; предполагается "extern" с возвратом типа "int"
E:\spice3f5\src\lib\ckt\dctrcurv.c(34): warning C4101: save: неиспользованная локальная переменная
  dctsetp.c
  distoan.c
E:\spice3f5\src\lib\ckt\distoan.c(92): warning C4244: =: преобразование "double" в "int", возможна потеря данных
E:\spice3f5\src\lib\ckt\distoan.c(99): warning C4244: =: преобразование "double" в "int", возможна потеря данных
E:\spice3f5\src\lib\ckt\distoan.c(107): warning C4244: =: преобразование "double" в "int", возможна потеря данных
E:\spice3f5\src\lib\ckt\distoan.c(306): warning C4013: NIdIter: нет определения; предполагается "extern" с возвратом типа "int"
E:\spice3f5\src\lib\ckt\distoan.c(443): warning C4996: 'strcpy': This function or variable may be unsafe. Consider using strcpy_s instead. To disable deprecation, use _CRT_SECURE_NO_WARNINGS. See online help for details.
  C:\Program Files (x86)\Windows Kits\10\Include\10.0.16299.0\ucrt\string.h(132): note:  см. объявление "strcpy"
E:\spice3f5\src\lib\ckt\distoan.c(65): warning C4101: omegadelta: неиспользованная локальная переменная
E:\spice3f5\src\lib\ckt\distoan.c(66): warning C4101: save: неиспользованная локальная переменная
E:\spice3f5\src\lib\ckt\distoan.c(67): warning C4101: save1: неиспользованная локальная переменная
  dkerproc.c
E:\spice3f5\src\lib\ckt\dkerproc.c(22): warning C4101: temp: неиспользованная локальная переменная
  dloadfns.c
  dsetparm.c
  naskq.c
  nevalsrc.c
  Создание кода...
  Компиляция...
  ninteg.c
  noisean.c
E:\spice3f5\src\lib\ckt\noisean.c(125): warning C4013: CKTnoise: нет определения; предполагается "extern" с возвратом типа "int"
E:\spice3f5\src\lib\ckt\noisean.c(145): warning C4244: =: преобразование "double" в "int", возможна потеря данных
E:\spice3f5\src\lib\ckt\noisean.c(232): warning C4013: NInzIter: нет определения; предполагается "extern" с возвратом типа "int"
E:\spice3f5\src\lib\ckt\noisean.c(59): warning C4996: 'strcpy': This function or variable may be unsafe. Consider using strcpy_s instead. To disable deprecation, use _CRT_SECURE_NO_WARNINGS. See online help for details.
  C:\Program Files (x86)\Windows Kits\10\Include\10.0.16299.0\ucrt\string.h(132): note:  см. объявление "strcpy"
E:\spice3f5\src\lib\ckt\noisean.c(77): warning C4996: 'strcpy': This function or variable may be unsafe. Consider using strcpy_s instead. To disable deprecation, use _CRT_SECURE_NO_WARNINGS. See online help for details.
  C:\Program Files (x86)\Windows Kits\10\Include\10.0.16299.0\ucrt\string.h(132): note:  см. объявление "strcpy"
E:\spice3f5\src\lib\ckt\noisean.c(40): warning C4101: node: неиспользованная локальная переменная
  nsetparm.c
  pzan.c
E:\spice3f5\src\lib\ckt\pzan.c(30): warning C4013: PZinit: нет определения; предполагается "extern" с возвратом типа "int"
E:\spice3f5\src\lib\ckt\pzan.c(62): warning C4013: CKTpzFindZeros: нет определения; предполагается "extern" с возвратом типа "int"
E:\spice3f5\src\lib\ckt\pzan.c(76): warning C4013: PZpost: нет определения; предполагается "extern" с возвратом типа "int"
E:\spice3f5\src\lib\ckt\pzan.c(97): warning C4996: 'strcpy': This function or variable may be unsafe. Consider using strcpy_s instead. To disable deprecation, use _CRT_SECURE_NO_WARNINGS. See online help for details.
  C:\Program Files (x86)\Windows Kits\10\Include\10.0.16299.0\ucrt\string.h(132): note:  см. объявление "strcpy"
E:\spice3f5\src\lib\ckt\pzan.c(105): warning C4996: 'strcpy': This function or variable may be unsafe. Consider using strcpy_s instead. To disable deprecation, use _CRT_SECURE_NO_WARNINGS. See online help for details.
  C:\Program Files (x86)\Windows Kits\10\Include\10.0.16299.0\ucrt\string.h(132): note:  см. объявление "strcpy"
E:\spice3f5\src\lib\ckt\pzan.c(108): warning C4996: 'strcpy': This function or variable may be unsafe. Consider using strcpy_s instead. To disable deprecation, use _CRT_SECURE_NO_WARNINGS. See online help for details.
  C:\Program Files (x86)\Windows Kits\10\Include\10.0.16299.0\ucrt\string.h(132): note:  см. объявление "strcpy"
E:\spice3f5\src\lib\ckt\pzan.c(113): warning C4996: 'strcpy': This function or variable may be unsafe. Consider using strcpy_s instead. To disable deprecation, use _CRT_SECURE_NO_WARNINGS. See online help for details.
  C:\Program Files (x86)\Windows Kits\10\Include\10.0.16299.0\ucrt\string.h(132): note:  см. объявление "strcpy"
E:\spice3f5\src\lib\ckt\pzan.c(117): warning C4996: 'strcpy': This function or variable may be unsafe. Consider using strcpy_s instead. To disable deprecation, use _CRT_SECURE_NO_WARNINGS. See online help for details.
  C:\Program Files (x86)\Windows Kits\10\Include\10.0.16299.0\ucrt\string.h(132): note:  см. объявление "strcpy"
E:\spice3f5\src\lib\ckt\pzan.c(146): warning C4996: 'sprintf': This function or variable may be unsafe. Consider using sprintf_s instead. To disable deprecation, use _CRT_SECURE_NO_WARNINGS. See online help for details.
  C:\Program Files (x86)\Windows Kits\10\Include\10.0.16299.0\ucrt\stdio.h(1772): note:  см. объявление "sprintf"
E:\spice3f5\src\lib\ckt\pzan.c(151): warning C4996: 'sprintf': This function or variable may be unsafe. Consider using sprintf_s instead. To disable deprecation, use _CRT_SECURE_NO_WARNINGS. See online help for details.
  C:\Program Files (x86)\Windows Kits\10\Include\10.0.16299.0\ucrt\stdio.h(1772): note:  см. объявление "sprintf"
  sensaskq.c
  senssetp.c
  tfanal.c
E:\spice3f5\src\lib\ckt\tfanal.c(120): warning C4996: 'sprintf': This function or variable may be unsafe. Consider using sprintf_s instead. To disable deprecation, use _CRT_SECURE_NO_WARNINGS. See online help for details.
  C:\Program Files (x86)\Windows Kits\10\Include\10.0.16299.0\ucrt\stdio.h(1772): note:  см. объявление "sprintf"
  tfaskq.c
  tfsetp.c
  tranaskq.c
  traninit.c
  transetp.c
  Создание кода...
e:\spice3f5\src\lib\ckt\noisean.c(150): warning C4700: использована неинициализированная локальная переменная "data"
  ckt.vcxproj -> E:\spice3f5\build\src\lib\ckt\Debug\ckt.lib
